2019-05-15 21:07:08.363  INFO 7324 --- [main] c.x.s.SpringbootShiroApplication         : Starting SpringbootShiroApplication on DamonCai-PC with PID 7324 (E:\MyGitHub\springboot-example-damoncai\springboot-shiro\target\classes started by DamonCai in E:\MyGitHub\springboot-example-damoncai)
2019-05-15 21:07:08.370  INFO 7324 --- [main] c.x.s.SpringbootShiroApplication         : No active profile set, falling back to default profiles: default
2019-05-15 21:07:09.888  INFO 7324 --- [main] trationDelegate$BeanPostProcessorChecker : Bean 'shiroConfig' of type [com.ximen.springbootshiro.config.shiroconfig.ShiroConfig$$EnhancerBySpringCGLIB$$589624fe] is not eligible for getting processed by all BeanPostProcessors (for example: not eligible for auto-proxying)
2019-05-15 21:07:09.902  INFO 7324 --- [main] trationDelegate$BeanPostProcessorChecker : Bean 'org.springframework.transaction.annotation.ProxyTransactionManagementConfiguration' of type [org.springframework.transaction.annotation.ProxyTransactionManagementConfiguration$$EnhancerBySpringCGLIB$$e836c25b] is not eligible for getting processed by all BeanPostProcessors (for example: not eligible for auto-proxying)
2019-05-15 21:07:10.004  INFO 7324 --- [main] trationDelegate$BeanPostProcessorChecker : Bean 'mybatis-org.mybatis.spring.boot.autoconfigure.MybatisProperties' of type [org.mybatis.spring.boot.autoconfigure.MybatisProperties] is not eligible for getting processed by all BeanPostProcessors (for example: not eligible for auto-proxying)
2019-05-15 21:07:10.014  INFO 7324 --- [main] trationDelegate$BeanPostProcessorChecker : Bean 'org.mybatis.spring.boot.autoconfigure.MybatisAutoConfiguration' of type [org.mybatis.spring.boot.autoconfigure.MybatisAutoConfiguration$$EnhancerBySpringCGLIB$$1b0b138b] is not eligible for getting processed by all BeanPostProcessors (for example: not eligible for auto-proxying)
2019-05-15 21:07:10.017  INFO 7324 --- [main] trationDelegate$BeanPostProcessorChecker : Bean 'druidConfig' of type [com.ximen.springbootshiro.config.druidconfig.DruidConfig$$EnhancerBySpringCGLIB$$2c3c4a60] is not eligible for getting processed by all BeanPostProcessors (for example: not eligible for auto-proxying)
2019-05-15 21:07:10.091 ERROR 7324 --- [main] com.alibaba.druid.filter.FilterManager   : load filter error, filter not found : lockback
2019-05-15 21:07:10.104  INFO 7324 --- [main] trationDelegate$BeanPostProcessorChecker : Bean 'druid' of type [com.alibaba.druid.pool.DruidDataSource] is not eligible for getting processed by all BeanPostProcessors (for example: not eligible for auto-proxying)
2019-05-15 21:07:10.411  INFO 7324 --- [main] trationDelegate$BeanPostProcessorChecker : Bean 'sqlSessionFactory' of type [org.apache.ibatis.session.defaults.DefaultSqlSessionFactory] is not eligible for getting processed by all BeanPostProcessors (for example: not eligible for auto-proxying)
2019-05-15 21:07:10.418  INFO 7324 --- [main] trationDelegate$BeanPostProcessorChecker : Bean 'sqlSessionTemplate' of type [org.mybatis.spring.SqlSessionTemplate] is not eligible for getting processed by all BeanPostProcessors (for example: not eligible for auto-proxying)
2019-05-15 21:07:10.423  INFO 7324 --- [main] trationDelegate$BeanPostProcessorChecker : Bean 'userMapper' of type [org.mybatis.spring.mapper.MapperFactoryBean] is not eligible for getting processed by all BeanPostProcessors (for example: not eligible for auto-proxying)
2019-05-15 21:07:10.425  INFO 7324 --- [main] trationDelegate$BeanPostProcessorChecker : Bean 'userMapper' of type [com.sun.proxy.$Proxy52] is not eligible for getting processed by all BeanPostProcessors (for example: not eligible for auto-proxying)
2019-05-15 21:07:10.428  INFO 7324 --- [main] trationDelegate$BeanPostProcessorChecker : Bean 'userServiceImpl' of type [com.ximen.springbootshiro.service.impl.UserServiceImpl] is not eligible for getting processed by all BeanPostProcessors (for example: not eligible for auto-proxying)
2019-05-15 21:07:10.429  INFO 7324 --- [main] trationDelegate$BeanPostProcessorChecker : Bean 'userRealm' of type [com.ximen.springbootshiro.config.shiroconfig.UserRealm] is not eligible for getting processed by all BeanPostProcessors (for example: not eligible for auto-proxying)
2019-05-15 21:07:11.582  INFO 7324 --- [main] trationDelegate$BeanPostProcessorChecker : Bean 'securityManager' of type [org.apache.shiro.web.mgt.DefaultWebSecurityManager] is not eligible for getting processed by all BeanPostProcessors (for example: not eligible for auto-proxying)
2019-05-15 21:07:12.619  INFO 7324 --- [main] o.s.b.w.embedded.tomcat.TomcatWebServer  : Tomcat initialized with port(s): 8080 (http)
2019-05-15 21:07:12.653  INFO 7324 --- [main] o.apache.catalina.core.StandardService   : Starting service [Tomcat]
2019-05-15 21:07:12.654  INFO 7324 --- [main] org.apache.catalina.core.StandardEngine  : Starting Servlet engine: [Apache Tomcat/9.0.17]
2019-05-15 21:07:12.771  INFO 7324 --- [main] o.a.c.c.C.[Tomcat].[localhost].[/]       : Initializing Spring embedded WebApplicationContext
2019-05-15 21:07:12.771  INFO 7324 --- [main] o.s.web.context.ContextLoader            : Root WebApplicationContext: initialization completed in 4300 ms
2019-05-15 21:07:13.200  INFO 7324 --- [main] o.s.s.concurrent.ThreadPoolTaskExecutor  : Initializing ExecutorService 'applicationTaskExecutor'
2019-05-15 21:07:13.399  INFO 7324 --- [main] o.s.b.a.w.s.WelcomePageHandlerMapping    : Adding welcome page template: index
2019-05-15 21:07:13.668  INFO 7324 --- [main] o.s.b.w.embedded.tomcat.TomcatWebServer  : Tomcat started on port(s): 8080 (http) with context path ''
2019-05-15 21:07:13.675  INFO 7324 --- [main] c.x.s.SpringbootShiroApplication         : Started SpringbootShiroApplication in 6.161 seconds (JVM running for 11.326)
2019-05-15 21:34:19.758  INFO 7184 --- [restartedMain] c.d.s.SpringbootMybatisplusApplication   : Starting SpringbootMybatisplusApplication on DamonCai-PC with PID 7184 (E:\MyGitHub\springboot-example-damoncai\springboot-mybatisplus\target\classes started by DamonCai in E:\MyGitHub\springboot-example-damoncai)
2019-05-15 21:34:19.764  INFO 7184 --- [restartedMain] c.d.s.SpringbootMybatisplusApplication   : No active profile set, falling back to default profiles: default
2019-05-15 21:34:20.029  INFO 7184 --- [restartedMain] .e.DevToolsPropertyDefaultsPostProcessor : Devtools property defaults active! Set 'spring.devtools.add-properties' to 'false' to disable
2019-05-15 21:34:20.030  INFO 7184 --- [restartedMain] .e.DevToolsPropertyDefaultsPostProcessor : For additional web related logging consider setting the 'logging.level.web' property to 'DEBUG'
2019-05-15 21:34:21.565  INFO 7184 --- [restartedMain] o.s.b.w.embedded.tomcat.TomcatWebServer  : Tomcat initialized with port(s): 8080 (http)
2019-05-15 21:34:21.594  INFO 7184 --- [restartedMain] o.apache.catalina.core.StandardService   : Starting service [Tomcat]
2019-05-15 21:34:21.594  INFO 7184 --- [restartedMain] org.apache.catalina.core.StandardEngine  : Starting Servlet engine: [Apache Tomcat/9.0.19]
2019-05-15 21:34:21.711  INFO 7184 --- [restartedMain] o.a.c.c.C.[Tomcat].[localhost].[/]       : Initializing Spring embedded WebApplicationContext
2019-05-15 21:34:21.712  INFO 7184 --- [restartedMain] o.s.web.context.ContextLoader            : Root WebApplicationContext: initialization completed in 1681 ms
2019-05-15 21:34:21.816  WARN 7184 --- [restartedMain] ConfigServletWebServerApplicationContext : Exception encountered during context initialization - cancelling refresh attempt: org.springframework.beans.factory.UnsatisfiedDependencyException: Error creating bean with name 'employeeController': Unsatisfied dependency expressed through field 'employeeMapper'; nested exception is org.springframework.beans.factory.NoSuchBeanDefinitionException: No qualifying bean of type 'com.damoncai.springbootmybatisplus.mapper.EmployeeMapper' available: expected at least 1 bean which qualifies as autowire candidate. Dependency annotations: {@org.springframework.beans.factory.annotation.Autowired(required=true)}
2019-05-15 21:34:21.821  INFO 7184 --- [restartedMain] o.apache.catalina.core.StandardService   : Stopping service [Tomcat]
2019-05-15 21:34:21.849  INFO 7184 --- [restartedMain] ConditionEvaluationReportLoggingListener : 

Error starting ApplicationContext. To display the conditions report re-run your application with 'debug' enabled.
2019-05-15 21:34:22.016 ERROR 7184 --- [restartedMain] o.s.b.d.LoggingFailureAnalysisReporter   : 

***************************
APPLICATION FAILED TO START
***************************

Description:

Field employeeMapper in com.damoncai.springbootmybatisplus.controller.EmployeeController required a bean of type 'com.damoncai.springbootmybatisplus.mapper.EmployeeMapper' that could not be found.

The injection point has the following annotations:
	- @org.springframework.beans.factory.annotation.Autowired(required=true)


Action:

Consider defining a bean of type 'com.damoncai.springbootmybatisplus.mapper.EmployeeMapper' in your configuration.

2019-05-15 21:45:55.957  INFO 6560 --- [restartedMain] c.d.s.SpringbootMybatisplusApplication   : Starting SpringbootMybatisplusApplication on DamonCai-PC with PID 6560 (E:\MyGitHub\springboot-example-damoncai\springboot-mybatisplus\target\classes started by DamonCai in E:\MyGitHub\springboot-example-damoncai)
2019-05-15 21:45:55.964  INFO 6560 --- [restartedMain] c.d.s.SpringbootMybatisplusApplication   : No active profile set, falling back to default profiles: default
2019-05-15 21:45:56.069  INFO 6560 --- [restartedMain] .e.DevToolsPropertyDefaultsPostProcessor : Devtools property defaults active! Set 'spring.devtools.add-properties' to 'false' to disable
2019-05-15 21:45:56.069  INFO 6560 --- [restartedMain] .e.DevToolsPropertyDefaultsPostProcessor : For additional web related logging consider setting the 'logging.level.web' property to 'DEBUG'
2019-05-15 21:45:57.655  INFO 6560 --- [restartedMain] o.s.b.w.embedded.tomcat.TomcatWebServer  : Tomcat initialized with port(s): 8080 (http)
2019-05-15 21:45:57.684  INFO 6560 --- [restartedMain] o.apache.catalina.core.StandardService   : Starting service [Tomcat]
2019-05-15 21:45:57.684  INFO 6560 --- [restartedMain] org.apache.catalina.core.StandardEngine  : Starting Servlet engine: [Apache Tomcat/9.0.19]
2019-05-15 21:45:57.780  INFO 6560 --- [restartedMain] o.a.c.c.C.[Tomcat].[localhost].[/]       : Initializing Spring embedded WebApplicationContext
2019-05-15 21:45:57.781  INFO 6560 --- [restartedMain] o.s.web.context.ContextLoader            : Root WebApplicationContext: initialization completed in 1712 ms
2019-05-15 21:45:57.885  WARN 6560 --- [restartedMain] ConfigServletWebServerApplicationContext : Exception encountered during context initialization - cancelling refresh attempt: org.springframework.beans.factory.UnsatisfiedDependencyException: Error creating bean with name 'employeeController': Unsatisfied dependency expressed through field 'employeeMapper'; nested exception is org.springframework.beans.factory.NoSuchBeanDefinitionException: No qualifying bean of type 'com.damoncai.springbootmybatisplus.mapper.EmployeeMapper' available: expected at least 1 bean which qualifies as autowire candidate. Dependency annotations: {@org.springframework.beans.factory.annotation.Autowired(required=true)}
2019-05-15 21:45:57.890  INFO 6560 --- [restartedMain] o.apache.catalina.core.StandardService   : Stopping service [Tomcat]
2019-05-15 21:45:57.918  INFO 6560 --- [restartedMain] ConditionEvaluationReportLoggingListener : 

Error starting ApplicationContext. To display the conditions report re-run your application with 'debug' enabled.
2019-05-15 21:45:58.094 ERROR 6560 --- [restartedMain] o.s.b.d.LoggingFailureAnalysisReporter   : 

***************************
APPLICATION FAILED TO START
***************************

Description:

Field employeeMapper in com.damoncai.springbootmybatisplus.controller.EmployeeController required a bean of type 'com.damoncai.springbootmybatisplus.mapper.EmployeeMapper' that could not be found.

The injection point has the following annotations:
	- @org.springframework.beans.factory.annotation.Autowired(required=true)


Action:

Consider defining a bean of type 'com.damoncai.springbootmybatisplus.mapper.EmployeeMapper' in your configuration.

2019-05-15 21:47:22.004  INFO 7624 --- [restartedMain] c.d.s.SpringbootMybatisplusApplication   : Starting SpringbootMybatisplusApplication on DamonCai-PC with PID 7624 (E:\MyGitHub\springboot-example-damoncai\springboot-mybatisplus\target\classes started by DamonCai in E:\MyGitHub\springboot-example-damoncai)
2019-05-15 21:47:22.012  INFO 7624 --- [restartedMain] c.d.s.SpringbootMybatisplusApplication   : No active profile set, falling back to default profiles: default
2019-05-15 21:47:22.235  INFO 7624 --- [restartedMain] .e.DevToolsPropertyDefaultsPostProcessor : Devtools property defaults active! Set 'spring.devtools.add-properties' to 'false' to disable
2019-05-15 21:47:22.235  INFO 7624 --- [restartedMain] .e.DevToolsPropertyDefaultsPostProcessor : For additional web related logging consider setting the 'logging.level.web' property to 'DEBUG'
2019-05-15 21:47:24.083  INFO 7624 --- [restartedMain] o.s.b.w.embedded.tomcat.TomcatWebServer  : Tomcat initialized with port(s): 8080 (http)
2019-05-15 21:47:24.110  INFO 7624 --- [restartedMain] o.apache.catalina.core.StandardService   : Starting service [Tomcat]
2019-05-15 21:47:24.111  INFO 7624 --- [restartedMain] org.apache.catalina.core.StandardEngine  : Starting Servlet engine: [Apache Tomcat/9.0.19]
2019-05-15 21:47:24.231  INFO 7624 --- [restartedMain] o.a.c.c.C.[Tomcat].[localhost].[/]       : Initializing Spring embedded WebApplicationContext
2019-05-15 21:47:24.231  INFO 7624 --- [restartedMain] o.s.web.context.ContextLoader            : Root WebApplicationContext: initialization completed in 1996 ms
2019-05-15 21:47:24.332  WARN 7624 --- [restartedMain] ConfigServletWebServerApplicationContext : Exception encountered during context initialization - cancelling refresh attempt: org.springframework.beans.factory.UnsatisfiedDependencyException: Error creating bean with name 'employeeController': Unsatisfied dependency expressed through field 'employeeMapper'; nested exception is org.springframework.beans.factory.NoSuchBeanDefinitionException: No qualifying bean of type 'com.damoncai.springbootmybatisplus.mapper.EmployeeMapper' available: expected at least 1 bean which qualifies as autowire candidate. Dependency annotations: {@org.springframework.beans.factory.annotation.Autowired(required=true)}
2019-05-15 21:47:24.337  INFO 7624 --- [restartedMain] o.apache.catalina.core.StandardService   : Stopping service [Tomcat]
2019-05-15 21:47:24.366  INFO 7624 --- [restartedMain] ConditionEvaluationReportLoggingListener : 

Error starting ApplicationContext. To display the conditions report re-run your application with 'debug' enabled.
2019-05-15 21:47:24.529 ERROR 7624 --- [restartedMain] o.s.b.d.LoggingFailureAnalysisReporter   : 

***************************
APPLICATION FAILED TO START
***************************

Description:

Field employeeMapper in com.damoncai.springbootmybatisplus.controller.EmployeeController required a bean of type 'com.damoncai.springbootmybatisplus.mapper.EmployeeMapper' that could not be found.

The injection point has the following annotations:
	- @org.springframework.beans.factory.annotation.Autowired(required=true)


Action:

Consider defining a bean of type 'com.damoncai.springbootmybatisplus.mapper.EmployeeMapper' in your configuration.

2019-05-15 21:48:36.745  INFO 9016 --- [restartedMain] c.d.s.SpringbootMybatisplusApplication   : Starting SpringbootMybatisplusApplication on DamonCai-PC with PID 9016 (E:\MyGitHub\springboot-example-damoncai\springboot-mybatisplus\target\classes started by DamonCai in E:\MyGitHub\springboot-example-damoncai)
2019-05-15 21:48:36.753  INFO 9016 --- [restartedMain] c.d.s.SpringbootMybatisplusApplication   : No active profile set, falling back to default profiles: default
2019-05-15 21:48:36.867  INFO 9016 --- [restartedMain] .e.DevToolsPropertyDefaultsPostProcessor : Devtools property defaults active! Set 'spring.devtools.add-properties' to 'false' to disable
2019-05-15 21:48:36.868  INFO 9016 --- [restartedMain] .e.DevToolsPropertyDefaultsPostProcessor : For additional web related logging consider setting the 'logging.level.web' property to 'DEBUG'
2019-05-15 21:48:38.780  INFO 9016 --- [restartedMain] o.s.b.w.embedded.tomcat.TomcatWebServer  : Tomcat initialized with port(s): 8080 (http)
2019-05-15 21:48:38.810  INFO 9016 --- [restartedMain] o.apache.catalina.core.StandardService   : Starting service [Tomcat]
2019-05-15 21:48:38.811  INFO 9016 --- [restartedMain] org.apache.catalina.core.StandardEngine  : Starting Servlet engine: [Apache Tomcat/9.0.19]
2019-05-15 21:48:38.927  INFO 9016 --- [restartedMain] o.a.c.c.C.[Tomcat].[localhost].[/]       : Initializing Spring embedded WebApplicationContext
2019-05-15 21:48:38.928  INFO 9016 --- [restartedMain] o.s.web.context.ContextLoader            : Root WebApplicationContext: initialization completed in 2060 ms
2019-05-15 21:48:39.059  WARN 9016 --- [restartedMain] ConfigServletWebServerApplicationContext : Exception encountered during context initialization - cancelling refresh attempt: org.springframework.beans.factory.UnsatisfiedDependencyException: Error creating bean with name 'employeeController': Unsatisfied dependency expressed through field 'employeeMapper'; nested exception is org.springframework.beans.factory.NoSuchBeanDefinitionException: No qualifying bean of type 'com.damoncai.springbootmybatisplus.mapper.EmployeeMapper' available: expected at least 1 bean which qualifies as autowire candidate. Dependency annotations: {@org.springframework.beans.factory.annotation.Autowired(required=true)}
2019-05-15 21:48:39.064  INFO 9016 --- [restartedMain] o.apache.catalina.core.StandardService   : Stopping service [Tomcat]
2019-05-15 21:48:39.097  INFO 9016 --- [restartedMain] ConditionEvaluationReportLoggingListener : 

Error starting ApplicationContext. To display the conditions report re-run your application with 'debug' enabled.
2019-05-15 21:48:39.264 ERROR 9016 --- [restartedMain] o.s.b.d.LoggingFailureAnalysisReporter   : 

***************************
APPLICATION FAILED TO START
***************************

Description:

Field employeeMapper in com.damoncai.springbootmybatisplus.controller.EmployeeController required a bean of type 'com.damoncai.springbootmybatisplus.mapper.EmployeeMapper' that could not be found.

The injection point has the following annotations:
	- @org.springframework.beans.factory.annotation.Autowired(required=true)


Action:

Consider defining a bean of type 'com.damoncai.springbootmybatisplus.mapper.EmployeeMapper' in your configuration.

2019-05-15 21:49:28.788  INFO 8524 --- [restartedMain] c.d.s.SpringbootMybatisplusApplication   : Starting SpringbootMybatisplusApplication on DamonCai-PC with PID 8524 (E:\MyGitHub\springboot-example-damoncai\springboot-mybatisplus\target\classes started by DamonCai in E:\MyGitHub\springboot-example-damoncai)
2019-05-15 21:49:28.795  INFO 8524 --- [restartedMain] c.d.s.SpringbootMybatisplusApplication   : No active profile set, falling back to default profiles: default
2019-05-15 21:49:28.885  INFO 8524 --- [restartedMain] .e.DevToolsPropertyDefaultsPostProcessor : Devtools property defaults active! Set 'spring.devtools.add-properties' to 'false' to disable
2019-05-15 21:49:28.886  INFO 8524 --- [restartedMain] .e.DevToolsPropertyDefaultsPostProcessor : For additional web related logging consider setting the 'logging.level.web' property to 'DEBUG'
2019-05-15 21:49:31.478  INFO 8524 --- [restartedMain] o.s.b.w.embedded.tomcat.TomcatWebServer  : Tomcat initialized with port(s): 8080 (http)
2019-05-15 21:49:31.519  INFO 8524 --- [restartedMain] o.apache.catalina.core.StandardService   : Starting service [Tomcat]
2019-05-15 21:49:31.519  INFO 8524 --- [restartedMain] org.apache.catalina.core.StandardEngine  : Starting Servlet engine: [Apache Tomcat/9.0.19]
2019-05-15 21:49:31.660  INFO 8524 --- [restartedMain] o.a.c.c.C.[Tomcat].[localhost].[/]       : Initializing Spring embedded WebApplicationContext
2019-05-15 21:49:31.660  INFO 8524 --- [restartedMain] o.s.web.context.ContextLoader            : Root WebApplicationContext: initialization completed in 2774 ms
2019-05-15 21:49:31.870 ERROR 8524 --- [restartedMain] com.alibaba.druid.filter.FilterManager   : load filter error, filter not found : lockback
2019-05-15 21:49:32.431  INFO 8524 --- [restartedMain] o.s.s.concurrent.ThreadPoolTaskExecutor  : Initializing ExecutorService 'applicationTaskExecutor'
2019-05-15 21:49:32.747  INFO 8524 --- [restartedMain] o.s.b.d.a.OptionalLiveReloadServer       : LiveReload server is running on port 35729
2019-05-15 21:49:32.835  INFO 8524 --- [restartedMain] o.s.b.w.embedded.tomcat.TomcatWebServer  : Tomcat started on port(s): 8080 (http) with context path ''
2019-05-15 21:49:32.843  INFO 8524 --- [restartedMain] c.d.s.SpringbootMybatisplusApplication   : Started SpringbootMybatisplusApplication in 5.028 seconds (JVM running for 6.678)
2019-05-15 21:50:04.395  INFO 8524 --- [http-nio-8080-exec-1] o.a.c.c.C.[Tomcat].[localhost].[/]       : Initializing Spring DispatcherServlet 'dispatcherServlet'
2019-05-15 21:50:04.396  INFO 8524 --- [http-nio-8080-exec-1] o.s.web.servlet.DispatcherServlet        : Initializing Servlet 'dispatcherServlet'
2019-05-15 21:50:04.411  INFO 8524 --- [http-nio-8080-exec-1] o.s.web.servlet.DispatcherServlet        : Completed initialization in 15 ms
2019-05-15 21:50:05.170  INFO 8524 --- [http-nio-8080-exec-1] com.alibaba.druid.pool.DruidDataSource   : {dataSource-1} inited
2019-05-15 22:02:42.857  INFO 4492 --- [restartedMain] c.d.s.SpringbootMybatisplusApplication   : Starting SpringbootMybatisplusApplication on DamonCai-PC with PID 4492 (E:\MyGitHub\springboot-example-damoncai\springboot-mybatisplus\target\classes started by DamonCai in E:\MyGitHub\springboot-example-damoncai)
2019-05-15 22:02:42.866  INFO 4492 --- [restartedMain] c.d.s.SpringbootMybatisplusApplication   : No active profile set, falling back to default profiles: default
2019-05-15 22:02:43.012  INFO 4492 --- [restartedMain] .e.DevToolsPropertyDefaultsPostProcessor : Devtools property defaults active! Set 'spring.devtools.add-properties' to 'false' to disable
2019-05-15 22:02:43.013  INFO 4492 --- [restartedMain] .e.DevToolsPropertyDefaultsPostProcessor : For additional web related logging consider setting the 'logging.level.web' property to 'DEBUG'
2019-05-15 22:02:45.038  INFO 4492 --- [restartedMain] o.s.b.w.embedded.tomcat.TomcatWebServer  : Tomcat initialized with port(s): 8080 (http)
2019-05-15 22:02:45.075  INFO 4492 --- [restartedMain] o.apache.catalina.core.StandardService   : Starting service [Tomcat]
2019-05-15 22:02:45.075  INFO 4492 --- [restartedMain] org.apache.catalina.core.StandardEngine  : Starting Servlet engine: [Apache Tomcat/9.0.19]
2019-05-15 22:02:45.198  INFO 4492 --- [restartedMain] o.a.c.c.C.[Tomcat].[localhost].[/]       : Initializing Spring embedded WebApplicationContext
2019-05-15 22:02:45.199  INFO 4492 --- [restartedMain] o.s.web.context.ContextLoader            : Root WebApplicationContext: initialization completed in 2186 ms
2019-05-15 22:02:45.378 ERROR 4492 --- [restartedMain] com.alibaba.druid.filter.FilterManager   : load filter error, filter not found : lockback
2019-05-15 22:02:45.766  INFO 4492 --- [restartedMain] com.alibaba.druid.pool.DruidDataSource   : {dataSource-1} inited
2019-05-15 22:02:45.997  INFO 4492 --- [restartedMain] o.s.s.concurrent.ThreadPoolTaskExecutor  : Initializing ExecutorService 'applicationTaskExecutor'
2019-05-15 22:02:46.242  INFO 4492 --- [restartedMain] o.s.b.d.a.OptionalLiveReloadServer       : LiveReload server is running on port 35729
2019-05-15 22:02:46.302  INFO 4492 --- [restartedMain] o.s.b.w.embedded.tomcat.TomcatWebServer  : Tomcat started on port(s): 8080 (http) with context path ''
2019-05-15 22:02:46.307  INFO 4492 --- [restartedMain] c.d.s.SpringbootMybatisplusApplication   : Started SpringbootMybatisplusApplication in 4.83 seconds (JVM running for 6.431)
2019-05-15 22:02:51.132  INFO 4492 --- [http-nio-8080-exec-1] o.a.c.c.C.[Tomcat].[localhost].[/]       : Initializing Spring DispatcherServlet 'dispatcherServlet'
2019-05-15 22:02:51.132  INFO 4492 --- [http-nio-8080-exec-1] o.s.web.servlet.DispatcherServlet        : Initializing Servlet 'dispatcherServlet'
2019-05-15 22:02:51.145  INFO 4492 --- [http-nio-8080-exec-1] o.s.web.servlet.DispatcherServlet        : Completed initialization in 12 ms
2019-05-15 22:02:51.203 ERROR 4492 --- [http-nio-8080-exec-1] o.a.c.c.C.[.[.[/].[dispatcherServlet]    : Servlet.service() for servlet [dispatcherServlet] in context with path [] threw exception [Request processing failed; nested exception is org.apache.ibatis.binding.BindingException: Invalid bound statement (not found): com.damoncai.springbootmybatisplus.mapper.EmployeeMapper.findAll] with root cause

org.apache.ibatis.binding.BindingException: Invalid bound statement (not found): com.damoncai.springbootmybatisplus.mapper.EmployeeMapper.findAll
	at org.apache.ibatis.binding.MapperMethod$SqlCommand.<init>(MapperMethod.java:235) ~[mybatis-3.5.1.jar:3.5.1]
	at com.baomidou.mybatisplus.core.override.MybatisMapperMethod.<init>(MybatisMapperMethod.java:49) ~[mybatis-plus-core-3.1.1.jar:3.1.1]
	at com.baomidou.mybatisplus.core.override.MybatisMapperProxy.lambda$cachedMapperMethod$0(MybatisMapperProxy.java:66) ~[mybatis-plus-core-3.1.1.jar:3.1.1]
	at java.util.concurrent.ConcurrentHashMap.computeIfAbsent(ConcurrentHashMap.java:1660) ~[na:1.8.0_191]
	at com.baomidou.mybatisplus.core.override.MybatisMapperProxy.cachedMapperMethod(MybatisMapperProxy.java:66) ~[mybatis-plus-core-3.1.1.jar:3.1.1]
	at com.baomidou.mybatisplus.core.override.MybatisMapperProxy.invoke(MybatisMapperProxy.java:61) ~[mybatis-plus-core-3.1.1.jar:3.1.1]
	at com.sun.proxy.$Proxy61.findAll(Unknown Source) ~[na:na]
	at com.damoncai.springbootmybatisplus.controller.EmployeeController.findAll(EmployeeController.java:19) ~[classes/:na]
	at sun.reflect.NativeMethodAccessorImpl.invoke0(Native Method) ~[na:1.8.0_191]
	at sun.reflect.NativeMethodAccessorImpl.invoke(NativeMethodAccessorImpl.java:62) ~[na:1.8.0_191]
	at sun.reflect.DelegatingMethodAccessorImpl.invoke(DelegatingMethodAccessorImpl.java:43) ~[na:1.8.0_191]
	at java.lang.reflect.Method.invoke(Method.java:498) ~[na:1.8.0_191]
	at org.springframework.web.method.support.InvocableHandlerMethod.doInvoke(InvocableHandlerMethod.java:190) ~[spring-web-5.2.0.M2.jar:5.2.0.M2]
	at org.springframework.web.method.support.InvocableHandlerMethod.invokeForRequest(InvocableHandlerMethod.java:138) ~[spring-web-5.2.0.M2.jar:5.2.0.M2]
	at org.springframework.web.servlet.mvc.method.annotation.ServletInvocableHandlerMethod.invokeAndHandle(ServletInvocableHandlerMethod.java:105) ~[spring-webmvc-5.2.0.M2.jar:5.2.0.M2]
	at org.springframework.web.servlet.mvc.method.annotation.RequestMappingHandlerAdapter.invokeHandlerMethod(RequestMappingHandlerAdapter.java:889) ~[spring-webmvc-5.2.0.M2.jar:5.2.0.M2]
	at org.springframework.web.servlet.mvc.method.annotation.RequestMappingHandlerAdapter.handleInternal(RequestMappingHandlerAdapter.java:794) ~[spring-webmvc-5.2.0.M2.jar:5.2.0.M2]
	at org.springframework.web.servlet.mvc.method.AbstractHandlerMethodAdapter.handle(AbstractHandlerMethodAdapter.java:87) ~[spring-webmvc-5.2.0.M2.jar:5.2.0.M2]
	at org.springframework.web.servlet.DispatcherServlet.doDispatch(DispatcherServlet.java:1039) ~[spring-webmvc-5.2.0.M2.jar:5.2.0.M2]
	at org.springframework.web.servlet.DispatcherServlet.doService(DispatcherServlet.java:942) ~[spring-webmvc-5.2.0.M2.jar:5.2.0.M2]
	at org.springframework.web.servlet.FrameworkServlet.processRequest(FrameworkServlet.java:1005) ~[spring-webmvc-5.2.0.M2.jar:5.2.0.M2]
	at org.springframework.web.servlet.FrameworkServlet.doGet(FrameworkServlet.java:897) ~[spring-webmvc-5.2.0.M2.jar:5.2.0.M2]
	at javax.servlet.http.HttpServlet.service(HttpServlet.java:634) ~[tomcat-embed-core-9.0.19.jar:9.0.19]
	at org.springframework.web.servlet.FrameworkServlet.service(FrameworkServlet.java:882) ~[spring-webmvc-5.2.0.M2.jar:5.2.0.M2]
	at javax.servlet.http.HttpServlet.service(HttpServlet.java:741) ~[tomcat-embed-core-9.0.19.jar:9.0.19]
	at org.apache.catalina.core.ApplicationFilterChain.internalDoFilter(ApplicationFilterChain.java:231) ~[tomcat-embed-core-9.0.19.jar:9.0.19]
	at org.apache.catalina.core.ApplicationFilterChain.doFilter(ApplicationFilterChain.java:166) ~[tomcat-embed-core-9.0.19.jar:9.0.19]
	at org.apache.tomcat.websocket.server.WsFilter.doFilter(WsFilter.java:53) ~[tomcat-embed-websocket-9.0.19.jar:9.0.19]
	at org.apache.catalina.core.ApplicationFilterChain.internalDoFilter(ApplicationFilterChain.java:193) ~[tomcat-embed-core-9.0.19.jar:9.0.19]
	at org.apache.catalina.core.ApplicationFilterChain.doFilter(ApplicationFilterChain.java:166) ~[tomcat-embed-core-9.0.19.jar:9.0.19]
	at com.alibaba.druid.support.http.WebStatFilter.doFilter(WebStatFilter.java:123) ~[druid-1.1.10.jar:1.1.10]
	at org.apache.catalina.core.ApplicationFilterChain.internalDoFilter(ApplicationFilterChain.java:193) ~[tomcat-embed-core-9.0.19.jar:9.0.19]
	at org.apache.catalina.core.ApplicationFilterChain.doFilter(ApplicationFilterChain.java:166) ~[tomcat-embed-core-9.0.19.jar:9.0.19]
	at org.springframework.web.filter.RequestContextFilter.doFilterInternal(RequestContextFilter.java:99) ~[spring-web-5.2.0.M2.jar:5.2.0.M2]
	at org.springframework.web.filter.OncePerRequestFilter.doFilter(OncePerRequestFilter.java:107) ~[spring-web-5.2.0.M2.jar:5.2.0.M2]
	at org.apache.catalina.core.ApplicationFilterChain.internalDoFilter(ApplicationFilterChain.java:193) ~[tomcat-embed-core-9.0.19.jar:9.0.19]
	at org.apache.catalina.core.ApplicationFilterChain.doFilter(ApplicationFilterChain.java:166) ~[tomcat-embed-core-9.0.19.jar:9.0.19]
	at org.springframework.web.filter.FormContentFilter.doFilterInternal(FormContentFilter.java:92) ~[spring-web-5.2.0.M2.jar:5.2.0.M2]
	at org.springframework.web.filter.OncePerRequestFilter.doFilter(OncePerRequestFilter.java:107) ~[spring-web-5.2.0.M2.jar:5.2.0.M2]
	at org.apache.catalina.core.ApplicationFilterChain.internalDoFilter(ApplicationFilterChain.java:193) ~[tomcat-embed-core-9.0.19.jar:9.0.19]
	at org.apache.catalina.core.ApplicationFilterChain.doFilter(ApplicationFilterChain.java:166) ~[tomcat-embed-core-9.0.19.jar:9.0.19]
	at org.springframework.web.filter.HiddenHttpMethodFilter.doFilterInternal(HiddenHttpMethodFilter.java:93) ~[spring-web-5.2.0.M2.jar:5.2.0.M2]
	at org.springframework.web.filter.OncePerRequestFilter.doFilter(OncePerRequestFilter.java:107) ~[spring-web-5.2.0.M2.jar:5.2.0.M2]
	at org.apache.catalina.core.ApplicationFilterChain.internalDoFilter(ApplicationFilterChain.java:193) ~[tomcat-embed-core-9.0.19.jar:9.0.19]
	at org.apache.catalina.core.ApplicationFilterChain.doFilter(ApplicationFilterChain.java:166) ~[tomcat-embed-core-9.0.19.jar:9.0.19]
	at org.springframework.web.filter.CharacterEncodingFilter.doFilterInternal(CharacterEncodingFilter.java:200) ~[spring-web-5.2.0.M2.jar:5.2.0.M2]
	at org.springframework.web.filter.OncePerRequestFilter.doFilter(OncePerRequestFilter.java:107) ~[spring-web-5.2.0.M2.jar:5.2.0.M2]
	at org.apache.catalina.core.ApplicationFilterChain.internalDoFilter(ApplicationFilterChain.java:193) ~[tomcat-embed-core-9.0.19.jar:9.0.19]
	at org.apache.catalina.core.ApplicationFilterChain.doFilter(ApplicationFilterChain.java:166) ~[tomcat-embed-core-9.0.19.jar:9.0.19]
	at org.apache.catalina.core.StandardWrapperValve.invoke(StandardWrapperValve.java:200) ~[tomcat-embed-core-9.0.19.jar:9.0.19]
	at org.apache.catalina.core.StandardContextValve.invoke(StandardContextValve.java:96) [tomcat-embed-core-9.0.19.jar:9.0.19]
	at org.apache.catalina.authenticator.AuthenticatorBase.invoke(AuthenticatorBase.java:490) [tomcat-embed-core-9.0.19.jar:9.0.19]
	at org.apache.catalina.core.StandardHostValve.invoke(StandardHostValve.java:139) [tomcat-embed-core-9.0.19.jar:9.0.19]
	at org.apache.catalina.valves.ErrorReportValve.invoke(ErrorReportValve.java:92) [tomcat-embed-core-9.0.19.jar:9.0.19]
	at org.apache.catalina.core.StandardEngineValve.invoke(StandardEngineValve.java:74) [tomcat-embed-core-9.0.19.jar:9.0.19]
	at org.apache.catalina.connector.CoyoteAdapter.service(CoyoteAdapter.java:343) [tomcat-embed-core-9.0.19.jar:9.0.19]
	at org.apache.coyote.http11.Http11Processor.service(Http11Processor.java:408) [tomcat-embed-core-9.0.19.jar:9.0.19]
	at org.apache.coyote.AbstractProcessorLight.process(AbstractProcessorLight.java:66) [tomcat-embed-core-9.0.19.jar:9.0.19]
	at org.apache.coyote.AbstractProtocol$ConnectionHandler.process(AbstractProtocol.java:836) [tomcat-embed-core-9.0.19.jar:9.0.19]
	at org.apache.tomcat.util.net.NioEndpoint$SocketProcessor.doRun(NioEndpoint.java:1747) [tomcat-embed-core-9.0.19.jar:9.0.19]
	at org.apache.tomcat.util.net.SocketProcessorBase.run(SocketProcessorBase.java:49) [tomcat-embed-core-9.0.19.jar:9.0.19]
	at java.util.concurrent.ThreadPoolExecutor.runWorker(ThreadPoolExecutor.java:1149) [na:1.8.0_191]
	at java.util.concurrent.ThreadPoolExecutor$Worker.run(ThreadPoolExecutor.java:624) [na:1.8.0_191]
	at org.apache.tomcat.util.threads.TaskThread$WrappingRunnable.run(TaskThread.java:61) [tomcat-embed-core-9.0.19.jar:9.0.19]
	at java.lang.Thread.run(Thread.java:748) [na:1.8.0_191]

2019-05-15 22:04:44.510  INFO 9456 --- [restartedMain] c.d.s.SpringbootMybatisplusApplication   : Starting SpringbootMybatisplusApplication on DamonCai-PC with PID 9456 (E:\MyGitHub\springboot-example-damoncai\springboot-mybatisplus\target\classes started by DamonCai in E:\MyGitHub\springboot-example-damoncai)
2019-05-15 22:04:44.520  INFO 9456 --- [restartedMain] c.d.s.SpringbootMybatisplusApplication   : No active profile set, falling back to default profiles: default
2019-05-15 22:04:44.652  INFO 9456 --- [restartedMain] .e.DevToolsPropertyDefaultsPostProcessor : Devtools property defaults active! Set 'spring.devtools.add-properties' to 'false' to disable
2019-05-15 22:04:44.652  INFO 9456 --- [restartedMain] .e.DevToolsPropertyDefaultsPostProcessor : For additional web related logging consider setting the 'logging.level.web' property to 'DEBUG'
2019-05-15 22:04:46.937  INFO 9456 --- [restartedMain] o.s.b.w.embedded.tomcat.TomcatWebServer  : Tomcat initialized with port(s): 8080 (http)
2019-05-15 22:04:46.984  INFO 9456 --- [restartedMain] o.apache.catalina.core.StandardService   : Starting service [Tomcat]
2019-05-15 22:04:46.984  INFO 9456 --- [restartedMain] org.apache.catalina.core.StandardEngine  : Starting Servlet engine: [Apache Tomcat/9.0.19]
2019-05-15 22:04:47.124  INFO 9456 --- [restartedMain] o.a.c.c.C.[Tomcat].[localhost].[/]       : Initializing Spring embedded WebApplicationContext
2019-05-15 22:04:47.125  INFO 9456 --- [restartedMain] o.s.web.context.ContextLoader            : Root WebApplicationContext: initialization completed in 2473 ms
2019-05-15 22:04:47.383 ERROR 9456 --- [restartedMain] com.alibaba.druid.filter.FilterManager   : load filter error, filter not found : lockback
2019-05-15 22:04:47.803  INFO 9456 --- [restartedMain] com.alibaba.druid.pool.DruidDataSource   : {dataSource-1} inited
2019-05-15 22:04:48.189  INFO 9456 --- [restartedMain] o.s.s.concurrent.ThreadPoolTaskExecutor  : Initializing ExecutorService 'applicationTaskExecutor'
2019-05-15 22:04:48.409  INFO 9456 --- [restartedMain] o.s.b.d.a.OptionalLiveReloadServer       : LiveReload server is running on port 35729
2019-05-15 22:04:48.462  INFO 9456 --- [restartedMain] o.s.b.w.embedded.tomcat.TomcatWebServer  : Tomcat started on port(s): 8080 (http) with context path ''
2019-05-15 22:04:48.468  INFO 9456 --- [restartedMain] c.d.s.SpringbootMybatisplusApplication   : Started SpringbootMybatisplusApplication in 5.03 seconds (JVM running for 6.556)
2019-05-15 22:05:05.174  INFO 9456 --- [http-nio-8080-exec-1] o.a.c.c.C.[Tomcat].[localhost].[/]       : Initializing Spring DispatcherServlet 'dispatcherServlet'
2019-05-15 22:05:05.174  INFO 9456 --- [http-nio-8080-exec-1] o.s.web.servlet.DispatcherServlet        : Initializing Servlet 'dispatcherServlet'
2019-05-15 22:05:05.187  INFO 9456 --- [http-nio-8080-exec-1] o.s.web.servlet.DispatcherServlet        : Completed initialization in 13 ms
2019-05-15 22:06:14.124  INFO 9456 --- [Thread-15] o.s.s.concurrent.ThreadPoolTaskExecutor  : Shutting down ExecutorService 'applicationTaskExecutor'
2019-05-15 22:06:14.138  INFO 9456 --- [Thread-15] com.alibaba.druid.pool.DruidDataSource   : {dataSource-1} closed
2019-05-15 22:06:16.429  INFO 9456 --- [restartedMain] c.d.s.SpringbootMybatisplusApplication   : Starting SpringbootMybatisplusApplication on DamonCai-PC with PID 9456 (E:\MyGitHub\springboot-example-damoncai\springboot-mybatisplus\target\classes started by DamonCai in E:\MyGitHub\springboot-example-damoncai)
2019-05-15 22:06:16.430  INFO 9456 --- [restartedMain] c.d.s.SpringbootMybatisplusApplication   : No active profile set, falling back to default profiles: default
2019-05-15 22:06:17.299  INFO 9456 --- [restartedMain] o.s.b.w.embedded.tomcat.TomcatWebServer  : Tomcat initialized with port(s): 8080 (http)
2019-05-15 22:06:17.304  INFO 9456 --- [restartedMain] o.apache.catalina.core.StandardService   : Starting service [Tomcat]
2019-05-15 22:06:17.304  INFO 9456 --- [restartedMain] org.apache.catalina.core.StandardEngine  : Starting Servlet engine: [Apache Tomcat/9.0.19]
2019-05-15 22:06:17.333  INFO 9456 --- [restartedMain] o.a.c.c.C.[Tomcat].[localhost].[/]       : Initializing Spring embedded WebApplicationContext
2019-05-15 22:06:17.333  INFO 9456 --- [restartedMain] o.s.web.context.ContextLoader            : Root WebApplicationContext: initialization completed in 897 ms
2019-05-15 22:06:17.429  INFO 9456 --- [restartedMain] com.alibaba.druid.pool.DruidDataSource   : {dataSource-2} inited
2019-05-15 22:06:17.558  INFO 9456 --- [restartedMain] o.s.s.concurrent.ThreadPoolTaskExecutor  : Initializing ExecutorService 'applicationTaskExecutor'
2019-05-15 22:06:17.831  INFO 9456 --- [restartedMain] o.s.b.d.a.OptionalLiveReloadServer       : LiveReload server is running on port 35729
2019-05-15 22:06:18.017  INFO 9456 --- [restartedMain] o.s.b.w.embedded.tomcat.TomcatWebServer  : Tomcat started on port(s): 8080 (http) with context path ''
2019-05-15 22:06:18.120  INFO 9456 --- [restartedMain] c.d.s.SpringbootMybatisplusApplication   : Started SpringbootMybatisplusApplication in 2.064 seconds (JVM running for 96.207)
2019-05-15 22:06:18.136  INFO 9456 --- [restartedMain] .ConditionEvaluationDeltaLoggingListener : Condition evaluation delta:


==========================
CONDITION EVALUATION DELTA
==========================


Positive matches:
-----------------

   DataSourceAutoConfiguration.PooledDataSourceConfiguration matched:
      - AnyNestedCondition 2 matched 0 did not; NestedCondition on DataSourceAutoConfiguration.PooledDataSourceCondition.PooledDataSourceAvailable PooledDataSource found supported DataSource; NestedCondition on DataSourceAutoConfiguration.PooledDataSourceCondition.ExplicitType @ConditionalOnProperty (spring.datasource.type) matched (DataSourceAutoConfiguration.PooledDataSourceCondition)
      - @ConditionalOnMissingBean (types: javax.sql.DataSource,javax.sql.XADataSource; SearchStrategy: all) did not find any beans (OnBeanCondition)

   DevToolsDataSourceAutoConfiguration matched:
      - Devtools devtools enabled. (OnEnabledDevToolsCondition)
      - DevTools DataSource Condition found auto-configured DataSource (DevToolsDataSourceAutoConfiguration.DevToolsDataSourceCondition)


Negative matches:
-----------------

    None


Exclusions:
-----------

    None


Unconditional classes:
----------------------

    None



2019-05-15 22:06:31.078  INFO 9456 --- [http-nio-8080-exec-1] o.a.c.c.C.[Tomcat].[localhost].[/]       : Initializing Spring DispatcherServlet 'dispatcherServlet'
2019-05-15 22:06:31.084  INFO 9456 --- [http-nio-8080-exec-1] o.s.web.servlet.DispatcherServlet        : Initializing Servlet 'dispatcherServlet'
2019-05-15 22:06:31.098  INFO 9456 --- [http-nio-8080-exec-1] o.s.web.servlet.DispatcherServlet        : Completed initialization in 14 ms
2019-05-15 22:09:09.668  INFO 9456 --- [Thread-23] o.s.s.concurrent.ThreadPoolTaskExecutor  : Shutting down ExecutorService 'applicationTaskExecutor'
2019-05-15 22:09:09.669  INFO 9456 --- [Thread-23] com.alibaba.druid.pool.DruidDataSource   : {dataSource-2} closed
2019-05-15 22:09:10.627  INFO 9456 --- [restartedMain] c.d.s.SpringbootMybatisplusApplication   : Starting SpringbootMybatisplusApplication on DamonCai-PC with PID 9456 (E:\MyGitHub\springboot-example-damoncai\springboot-mybatisplus\target\classes started by DamonCai in E:\MyGitHub\springboot-example-damoncai)
2019-05-15 22:09:10.628  INFO 9456 --- [restartedMain] c.d.s.SpringbootMybatisplusApplication   : No active profile set, falling back to default profiles: default
2019-05-15 22:09:11.045  INFO 9456 --- [restartedMain] o.s.b.w.embedded.tomcat.TomcatWebServer  : Tomcat initialized with port(s): 8080 (http)
2019-05-15 22:09:11.047  INFO 9456 --- [restartedMain] o.apache.catalina.core.StandardService   : Starting service [Tomcat]
2019-05-15 22:09:11.047  INFO 9456 --- [restartedMain] org.apache.catalina.core.StandardEngine  : Starting Servlet engine: [Apache Tomcat/9.0.19]
2019-05-15 22:09:11.058  INFO 9456 --- [restartedMain] o.a.c.c.C.[Tomcat].[localhost].[/]       : Initializing Spring embedded WebApplicationContext
2019-05-15 22:09:11.059  INFO 9456 --- [restartedMain] o.s.web.context.ContextLoader            : Root WebApplicationContext: initialization completed in 424 ms
2019-05-15 22:09:11.100 ERROR 9456 --- [restartedMain] com.alibaba.druid.filter.FilterManager   : load filter error, filter not found : lockback
2019-05-15 22:09:11.266  INFO 9456 --- [restartedMain] o.s.s.concurrent.ThreadPoolTaskExecutor  : Initializing ExecutorService 'applicationTaskExecutor'
2019-05-15 22:09:11.555  INFO 9456 --- [restartedMain] com.alibaba.druid.pool.DruidDataSource   : {dataSource-3} inited
2019-05-15 22:09:11.797  INFO 9456 --- [restartedMain] o.s.b.d.a.OptionalLiveReloadServer       : LiveReload server is running on port 35729
2019-05-15 22:09:11.826  INFO 9456 --- [restartedMain] o.s.b.w.embedded.tomcat.TomcatWebServer  : Tomcat started on port(s): 8080 (http) with context path ''
2019-05-15 22:09:11.827  INFO 9456 --- [restartedMain] c.d.s.SpringbootMybatisplusApplication   : Started SpringbootMybatisplusApplication in 1.254 seconds (JVM running for 269.914)
2019-05-15 22:09:11.832  INFO 9456 --- [restartedMain] .ConditionEvaluationDeltaLoggingListener : Condition evaluation delta:


==========================
CONDITION EVALUATION DELTA
==========================


Positive matches:
-----------------

    None


Negative matches:
-----------------

   DataSourceAutoConfiguration.PooledDataSourceConfiguration:
      Did not match:
         - @ConditionalOnMissingBean (types: javax.sql.DataSource,javax.sql.XADataSource; SearchStrategy: all) found beans of type 'javax.sql.DataSource' druid (OnBeanCondition)
      Matched:
         - AnyNestedCondition 2 matched 0 did not; NestedCondition on DataSourceAutoConfiguration.PooledDataSourceCondition.PooledDataSourceAvailable PooledDataSource found supported DataSource; NestedCondition on DataSourceAutoConfiguration.PooledDataSourceCondition.ExplicitType @ConditionalOnProperty (spring.datasource.type) matched (DataSourceAutoConfiguration.PooledDataSourceCondition)

   DevToolsDataSourceAutoConfiguration:
      Did not match:
         - DevTools DataSource Condition did not find an auto-configured DataSource (DevToolsDataSourceAutoConfiguration.DevToolsDataSourceCondition)
      Matched:
         - Devtools devtools enabled. (OnEnabledDevToolsCondition)


Exclusions:
-----------

    None


Unconditional classes:
----------------------

    None



