2019-05-18 01:13:19.067  INFO 7860 --- [main] c.d.s.mapper.EmployeeMapperTest          : Starting EmployeeMapperTest on DamonCai-PC with PID 7860 (started by DamonCai in E:\MyGitHub\springboot-example-damoncai\springboot-mybatisplus)
2019-05-18 01:13:19.203  INFO 7860 --- [main] c.d.s.mapper.EmployeeMapperTest          : No active profile set, falling back to default profiles: default
2019-05-18 01:13:21.736 ERROR 7860 --- [main] com.alibaba.druid.filter.FilterManager   : load filter error, filter not found : lockback
2019-05-18 01:13:22.463  INFO 7860 --- [main] com.alibaba.druid.pool.DruidDataSource   : {dataSource-1} inited
2019-05-18 01:13:23.609  INFO 7860 --- [main] o.s.s.concurrent.ThreadPoolTaskExecutor  : Initializing ExecutorService 'applicationTaskExecutor'
2019-05-18 01:13:24.421  INFO 7860 --- [main] c.d.s.mapper.EmployeeMapperTest          : Started EmployeeMapperTest in 6.51 seconds (JVM running for 8.901)
2019-05-18 01:13:25.191  INFO 7860 --- [Thread-3] o.s.s.concurrent.ThreadPoolTaskExecutor  : Shutting down ExecutorService 'applicationTaskExecutor'
2019-05-18 01:13:25.209  INFO 7860 --- [Thread-3] com.alibaba.druid.pool.DruidDataSource   : {dataSource-1} closed
2019-05-18 01:15:29.269  INFO 4496 --- [main] c.d.s.mapper.EmployeeMapperTest          : Starting EmployeeMapperTest on DamonCai-PC with PID 4496 (started by DamonCai in E:\MyGitHub\springboot-example-damoncai\springboot-mybatisplus)
2019-05-18 01:15:29.272  INFO 4496 --- [main] c.d.s.mapper.EmployeeMapperTest          : No active profile set, falling back to default profiles: default
2019-05-18 01:15:46.200  INFO 6516 --- [main] c.d.s.mapper.EmployeeMapperTest          : Starting EmployeeMapperTest on DamonCai-PC with PID 6516 (started by DamonCai in E:\MyGitHub\springboot-example-damoncai\springboot-mybatisplus)
2019-05-18 01:15:46.203  INFO 6516 --- [main] c.d.s.mapper.EmployeeMapperTest          : No active profile set, falling back to default profiles: default
2019-05-18 01:15:49.733 ERROR 6516 --- [main] com.alibaba.druid.filter.FilterManager   : load filter error, filter not found : lockback
2019-05-18 01:15:50.436  INFO 6516 --- [main] com.alibaba.druid.pool.DruidDataSource   : {dataSource-1} inited
2019-05-18 01:15:51.552  INFO 6516 --- [main] o.s.s.concurrent.ThreadPoolTaskExecutor  : Initializing ExecutorService 'applicationTaskExecutor'
2019-05-18 01:15:52.268  INFO 6516 --- [main] c.d.s.mapper.EmployeeMapperTest          : Started EmployeeMapperTest in 7.435 seconds (JVM running for 9.631)
2019-05-18 01:16:20.739  INFO 6516 --- [Thread-3] o.s.s.concurrent.ThreadPoolTaskExecutor  : Shutting down ExecutorService 'applicationTaskExecutor'
2019-05-18 01:21:21.675  INFO 10152 --- [main] c.d.s.mapper.EmployeeMapperTest          : Starting EmployeeMapperTest on DamonCai-PC with PID 10152 (started by DamonCai in E:\MyGitHub\springboot-example-damoncai\springboot-mybatisplus)
2019-05-18 01:21:21.678  INFO 10152 --- [main] c.d.s.mapper.EmployeeMapperTest          : No active profile set, falling back to default profiles: default
2019-05-18 01:21:24.762 ERROR 10152 --- [main] com.alibaba.druid.filter.FilterManager   : load filter error, filter not found : lockback
2019-05-18 01:21:25.821  INFO 10152 --- [main] com.alibaba.druid.pool.DruidDataSource   : {dataSource-1} inited
2019-05-18 01:21:26.987  INFO 10152 --- [main] o.s.s.concurrent.ThreadPoolTaskExecutor  : Initializing ExecutorService 'applicationTaskExecutor'
2019-05-18 01:21:27.705  INFO 10152 --- [main] c.d.s.mapper.EmployeeMapperTest          : Started EmployeeMapperTest in 7.101 seconds (JVM running for 9.144)
2019-05-18 01:22:24.817  INFO 10152 --- [Thread-3] o.s.s.concurrent.ThreadPoolTaskExecutor  : Shutting down ExecutorService 'applicationTaskExecutor'
2019-05-18 01:22:24.842  INFO 10152 --- [Thread-3] com.alibaba.druid.pool.DruidDataSource   : {dataSource-1} closed
2019-05-18 01:40:25.376  INFO 7264 --- [main] c.d.s.mapper.EmployeeMapperTest          : Starting EmployeeMapperTest on DamonCai-PC with PID 7264 (started by DamonCai in E:\MyGitHub\springboot-example-damoncai\springboot-mybatisplus)
2019-05-18 01:40:25.380  INFO 7264 --- [main] c.d.s.mapper.EmployeeMapperTest          : No active profile set, falling back to default profiles: default
2019-05-18 01:40:28.671 ERROR 7264 --- [main] com.alibaba.druid.filter.FilterManager   : load filter error, filter not found : lockback
2019-05-18 01:40:29.588  INFO 7264 --- [main] com.alibaba.druid.pool.DruidDataSource   : {dataSource-1} inited
2019-05-18 01:40:30.645  INFO 7264 --- [main] o.s.s.concurrent.ThreadPoolTaskExecutor  : Initializing ExecutorService 'applicationTaskExecutor'
2019-05-18 01:40:31.399  INFO 7264 --- [main] c.d.s.mapper.EmployeeMapperTest          : Started EmployeeMapperTest in 7.516 seconds (JVM running for 9.562)
2019-05-18 01:40:32.213  INFO 7264 --- [Thread-3] o.s.s.concurrent.ThreadPoolTaskExecutor  : Shutting down ExecutorService 'applicationTaskExecutor'
2019-05-18 01:40:32.227  INFO 7264 --- [Thread-3] com.alibaba.druid.pool.DruidDataSource   : {dataSource-1} closed
