2019-05-14 19:04:08.148  INFO 3044 --- [main] c.x.s.SpringbootShiroApplication         : Starting SpringbootShiroApplication on DamonCai-PC with PID 3044 (E:\MyGitHub\springboot-example-damoncai\github\springboot-example-damoncai\springboot-shiro\target\classes started by DamonCai in E:\MyGitHub\springboot-example-damoncai\github\springboot-example-damoncai\springboot-shiro)
2019-05-14 19:04:08.154  INFO 3044 --- [main] c.x.s.SpringbootShiroApplication         : No active profile set, falling back to default profiles: default
2019-05-14 19:04:09.401  INFO 3044 --- [main] trationDelegate$BeanPostProcessorChecker : Bean 'shiroConfig' of type [com.ximen.springbootshiro.config.shiroconfig.ShiroConfig$$EnhancerBySpringCGLIB$$5869101d] is not eligible for getting processed by all BeanPostProcessors (for example: not eligible for auto-proxying)
2019-05-14 19:04:09.415  INFO 3044 --- [main] trationDelegate$BeanPostProcessorChecker : Bean 'org.springframework.transaction.annotation.ProxyTransactionManagementConfiguration' of type [org.springframework.transaction.annotation.ProxyTransactionManagementConfiguration$$EnhancerBySpringCGLIB$$e809ad7a] is not eligible for getting processed by all BeanPostProcessors (for example: not eligible for auto-proxying)
2019-05-14 19:04:09.525  INFO 3044 --- [main] trationDelegate$BeanPostProcessorChecker : Bean 'mybatis-org.mybatis.spring.boot.autoconfigure.MybatisProperties' of type [org.mybatis.spring.boot.autoconfigure.MybatisProperties] is not eligible for getting processed by all BeanPostProcessors (for example: not eligible for auto-proxying)
2019-05-14 19:04:09.536  INFO 3044 --- [main] trationDelegate$BeanPostProcessorChecker : Bean 'org.mybatis.spring.boot.autoconfigure.MybatisAutoConfiguration' of type [org.mybatis.spring.boot.autoconfigure.MybatisAutoConfiguration$$EnhancerBySpringCGLIB$$1addfeaa] is not eligible for getting processed by all BeanPostProcessors (for example: not eligible for auto-proxying)
2019-05-14 19:04:09.540  INFO 3044 --- [main] trationDelegate$BeanPostProcessorChecker : Bean 'druidConfig' of type [com.ximen.springbootshiro.config.druidconfig.DruidConfig$$EnhancerBySpringCGLIB$$2c0f357f] is not eligible for getting processed by all BeanPostProcessors (for example: not eligible for auto-proxying)
2019-05-14 19:04:09.647 ERROR 3044 --- [main] com.alibaba.druid.filter.FilterManager   : load filter error, filter not found : lockback
2019-05-14 19:04:09.667  INFO 3044 --- [main] trationDelegate$BeanPostProcessorChecker : Bean 'druid' of type [com.alibaba.druid.pool.DruidDataSource] is not eligible for getting processed by all BeanPostProcessors (for example: not eligible for auto-proxying)
2019-05-14 19:04:09.950  INFO 3044 --- [main] trationDelegate$BeanPostProcessorChecker : Bean 'sqlSessionFactory' of type [org.apache.ibatis.session.defaults.DefaultSqlSessionFactory] is not eligible for getting processed by all BeanPostProcessors (for example: not eligible for auto-proxying)
2019-05-14 19:04:09.957  INFO 3044 --- [main] trationDelegate$BeanPostProcessorChecker : Bean 'sqlSessionTemplate' of type [org.mybatis.spring.SqlSessionTemplate] is not eligible for getting processed by all BeanPostProcessors (for example: not eligible for auto-proxying)
2019-05-14 19:04:09.958  INFO 3044 --- [main] trationDelegate$BeanPostProcessorChecker : Bean 'userMapper' of type [org.mybatis.spring.mapper.MapperFactoryBean] is not eligible for getting processed by all BeanPostProcessors (for example: not eligible for auto-proxying)
2019-05-14 19:04:09.960  INFO 3044 --- [main] trationDelegate$BeanPostProcessorChecker : Bean 'userMapper' of type [com.sun.proxy.$Proxy52] is not eligible for getting processed by all BeanPostProcessors (for example: not eligible for auto-proxying)
2019-05-14 19:04:09.963  INFO 3044 --- [main] trationDelegate$BeanPostProcessorChecker : Bean 'userServiceImpl' of type [com.ximen.springbootshiro.service.impl.UserServiceImpl] is not eligible for getting processed by all BeanPostProcessors (for example: not eligible for auto-proxying)
2019-05-14 19:04:09.963  INFO 3044 --- [main] trationDelegate$BeanPostProcessorChecker : Bean 'userRealm' of type [com.ximen.springbootshiro.config.shiroconfig.UserRealm] is not eligible for getting processed by all BeanPostProcessors (for example: not eligible for auto-proxying)
2019-05-14 19:04:10.468  INFO 3044 --- [main] trationDelegate$BeanPostProcessorChecker : Bean 'securityManager' of type [org.apache.shiro.web.mgt.DefaultWebSecurityManager] is not eligible for getting processed by all BeanPostProcessors (for example: not eligible for auto-proxying)
2019-05-14 19:04:11.023  INFO 3044 --- [main] o.s.b.w.embedded.tomcat.TomcatWebServer  : Tomcat initialized with port(s): 8080 (http)
2019-05-14 19:04:11.071  INFO 3044 --- [main] o.apache.catalina.core.StandardService   : Starting service [Tomcat]
2019-05-14 19:04:11.071  INFO 3044 --- [main] org.apache.catalina.core.StandardEngine  : Starting Servlet engine: [Apache Tomcat/9.0.17]
2019-05-14 19:04:11.220  INFO 3044 --- [main] o.a.c.c.C.[Tomcat].[localhost].[/]       : Initializing Spring embedded WebApplicationContext
2019-05-14 19:04:11.220  INFO 3044 --- [main] o.s.web.context.ContextLoader            : Root WebApplicationContext: initialization completed in 2997 ms
2019-05-14 19:04:11.654  INFO 3044 --- [main] o.s.s.concurrent.ThreadPoolTaskExecutor  : Initializing ExecutorService 'applicationTaskExecutor'
2019-05-14 19:04:11.836  INFO 3044 --- [main] o.s.b.a.w.s.WelcomePageHandlerMapping    : Adding welcome page template: index
2019-05-14 19:04:12.053  INFO 3044 --- [main] o.s.b.w.embedded.tomcat.TomcatWebServer  : Tomcat started on port(s): 8080 (http) with context path ''
2019-05-14 19:04:12.058  INFO 3044 --- [main] c.x.s.SpringbootShiroApplication         : Started SpringbootShiroApplication in 4.569 seconds (JVM running for 9.374)
2019-05-14 19:04:22.256  INFO 3044 --- [http-nio-8080-exec-1] o.a.c.c.C.[Tomcat].[localhost].[/]       : Initializing Spring DispatcherServlet 'dispatcherServlet'
2019-05-14 19:04:22.256  INFO 3044 --- [http-nio-8080-exec-1] o.s.web.servlet.DispatcherServlet        : Initializing Servlet 'dispatcherServlet'
2019-05-14 19:04:22.271  INFO 3044 --- [http-nio-8080-exec-1] o.s.web.servlet.DispatcherServlet        : Completed initialization in 15 ms
2019-05-14 19:04:26.416  INFO 3044 --- [http-nio-8080-exec-3] com.alibaba.druid.pool.DruidDataSource   : {dataSource-1} inited
2019-05-14 19:25:42.823  INFO 6124 --- [main] c.x.s.SpringbootShiroApplication         : Starting SpringbootShiroApplication on DamonCai-PC with PID 6124 (E:\MyGitHub\springboot-example-damoncai\github\springboot-example-damoncai\springboot-shiro\target\classes started by DamonCai in E:\MyGitHub\springboot-example-damoncai\github\springboot-example-damoncai\springboot-shiro)
2019-05-14 19:25:42.828  INFO 6124 --- [main] c.x.s.SpringbootShiroApplication         : No active profile set, falling back to default profiles: default
2019-05-14 19:25:44.263  INFO 6124 --- [main] trationDelegate$BeanPostProcessorChecker : Bean 'shiroConfig' of type [com.ximen.springbootshiro.config.shiroconfig.ShiroConfig$$EnhancerBySpringCGLIB$$bd3a21c] is not eligible for getting processed by all BeanPostProcessors (for example: not eligible for auto-proxying)
2019-05-14 19:25:44.274  INFO 6124 --- [main] trationDelegate$BeanPostProcessorChecker : Bean 'org.springframework.transaction.annotation.ProxyTransactionManagementConfiguration' of type [org.springframework.transaction.annotation.ProxyTransactionManagementConfiguration$$EnhancerBySpringCGLIB$$9b743f79] is not eligible for getting processed by all BeanPostProcessors (for example: not eligible for auto-proxying)
2019-05-14 19:25:44.355  INFO 6124 --- [main] trationDelegate$BeanPostProcessorChecker : Bean 'mybatis-org.mybatis.spring.boot.autoconfigure.MybatisProperties' of type [org.mybatis.spring.boot.autoconfigure.MybatisProperties] is not eligible for getting processed by all BeanPostProcessors (for example: not eligible for auto-proxying)
2019-05-14 19:25:44.363  INFO 6124 --- [main] trationDelegate$BeanPostProcessorChecker : Bean 'org.mybatis.spring.boot.autoconfigure.MybatisAutoConfiguration' of type [org.mybatis.spring.boot.autoconfigure.MybatisAutoConfiguration$$EnhancerBySpringCGLIB$$ce4890a9] is not eligible for getting processed by all BeanPostProcessors (for example: not eligible for auto-proxying)
2019-05-14 19:25:44.365  INFO 6124 --- [main] trationDelegate$BeanPostProcessorChecker : Bean 'druidConfig' of type [com.ximen.springbootshiro.config.druidconfig.DruidConfig$$EnhancerBySpringCGLIB$$df79c77e] is not eligible for getting processed by all BeanPostProcessors (for example: not eligible for auto-proxying)
2019-05-14 19:25:44.426 ERROR 6124 --- [main] com.alibaba.druid.filter.FilterManager   : load filter error, filter not found : lockback
2019-05-14 19:25:44.440  INFO 6124 --- [main] trationDelegate$BeanPostProcessorChecker : Bean 'druid' of type [com.alibaba.druid.pool.DruidDataSource] is not eligible for getting processed by all BeanPostProcessors (for example: not eligible for auto-proxying)
2019-05-14 19:25:44.643  INFO 6124 --- [main] trationDelegate$BeanPostProcessorChecker : Bean 'sqlSessionFactory' of type [org.apache.ibatis.session.defaults.DefaultSqlSessionFactory] is not eligible for getting processed by all BeanPostProcessors (for example: not eligible for auto-proxying)
2019-05-14 19:25:44.662  INFO 6124 --- [main] trationDelegate$BeanPostProcessorChecker : Bean 'sqlSessionTemplate' of type [org.mybatis.spring.SqlSessionTemplate] is not eligible for getting processed by all BeanPostProcessors (for example: not eligible for auto-proxying)
2019-05-14 19:25:44.663  INFO 6124 --- [main] trationDelegate$BeanPostProcessorChecker : Bean 'userMapper' of type [org.mybatis.spring.mapper.MapperFactoryBean] is not eligible for getting processed by all BeanPostProcessors (for example: not eligible for auto-proxying)
2019-05-14 19:25:44.665  INFO 6124 --- [main] trationDelegate$BeanPostProcessorChecker : Bean 'userMapper' of type [com.sun.proxy.$Proxy52] is not eligible for getting processed by all BeanPostProcessors (for example: not eligible for auto-proxying)
2019-05-14 19:25:44.667  INFO 6124 --- [main] trationDelegate$BeanPostProcessorChecker : Bean 'userServiceImpl' of type [com.ximen.springbootshiro.service.impl.UserServiceImpl] is not eligible for getting processed by all BeanPostProcessors (for example: not eligible for auto-proxying)
2019-05-14 19:25:44.668  INFO 6124 --- [main] trationDelegate$BeanPostProcessorChecker : Bean 'userRealm' of type [com.ximen.springbootshiro.config.shiroconfig.UserRealm] is not eligible for getting processed by all BeanPostProcessors (for example: not eligible for auto-proxying)
2019-05-14 19:25:45.042  INFO 6124 --- [main] trationDelegate$BeanPostProcessorChecker : Bean 'securityManager' of type [org.apache.shiro.web.mgt.DefaultWebSecurityManager] is not eligible for getting processed by all BeanPostProcessors (for example: not eligible for auto-proxying)
2019-05-14 19:25:45.470  INFO 6124 --- [main] o.s.b.w.embedded.tomcat.TomcatWebServer  : Tomcat initialized with port(s): 8080 (http)
2019-05-14 19:25:45.497  INFO 6124 --- [main] o.apache.catalina.core.StandardService   : Starting service [Tomcat]
2019-05-14 19:25:45.498  INFO 6124 --- [main] org.apache.catalina.core.StandardEngine  : Starting Servlet engine: [Apache Tomcat/9.0.17]
2019-05-14 19:25:45.601  INFO 6124 --- [main] o.a.c.c.C.[Tomcat].[localhost].[/]       : Initializing Spring embedded WebApplicationContext
2019-05-14 19:25:45.601  INFO 6124 --- [main] o.s.web.context.ContextLoader            : Root WebApplicationContext: initialization completed in 2677 ms
2019-05-14 19:25:45.910  INFO 6124 --- [main] o.s.s.concurrent.ThreadPoolTaskExecutor  : Initializing ExecutorService 'applicationTaskExecutor'
2019-05-14 19:25:46.064  INFO 6124 --- [main] o.s.b.a.w.s.WelcomePageHandlerMapping    : Adding welcome page template: index
2019-05-14 19:25:46.265  INFO 6124 --- [main] o.s.b.w.embedded.tomcat.TomcatWebServer  : Tomcat started on port(s): 8080 (http) with context path ''
2019-05-14 19:25:46.269  INFO 6124 --- [main] c.x.s.SpringbootShiroApplication         : Started SpringbootShiroApplication in 4.273 seconds (JVM running for 5.696)
2019-05-14 19:25:54.230  INFO 6124 --- [http-nio-8080-exec-1] o.a.c.c.C.[Tomcat].[localhost].[/]       : Initializing Spring DispatcherServlet 'dispatcherServlet'
2019-05-14 19:25:54.230  INFO 6124 --- [http-nio-8080-exec-1] o.s.web.servlet.DispatcherServlet        : Initializing Servlet 'dispatcherServlet'
2019-05-14 19:25:54.239  INFO 6124 --- [http-nio-8080-exec-1] o.s.web.servlet.DispatcherServlet        : Completed initialization in 8 ms
2019-05-14 19:25:59.093  INFO 6124 --- [http-nio-8080-exec-5] com.alibaba.druid.pool.DruidDataSource   : {dataSource-1} inited
2019-05-14 19:30:44.156  INFO 6876 --- [main] c.x.s.SpringbootShiroApplication         : Starting SpringbootShiroApplication on DamonCai-PC with PID 6876 (E:\MyGitHub\springboot-example-damoncai\github\springboot-example-damoncai\springboot-shiro\target\classes started by DamonCai in E:\MyGitHub\springboot-example-damoncai\github\springboot-example-damoncai\springboot-shiro)
2019-05-14 19:30:44.162  INFO 6876 --- [main] c.x.s.SpringbootShiroApplication         : No active profile set, falling back to default profiles: default
2019-05-14 19:30:45.543  INFO 6876 --- [main] trationDelegate$BeanPostProcessorChecker : Bean 'shiroConfig' of type [com.ximen.springbootshiro.config.shiroconfig.ShiroConfig$$EnhancerBySpringCGLIB$$2ecf8adc] is not eligible for getting processed by all BeanPostProcessors (for example: not eligible for auto-proxying)
2019-05-14 19:30:45.559  INFO 6876 --- [main] trationDelegate$BeanPostProcessorChecker : Bean 'org.springframework.transaction.annotation.ProxyTransactionManagementConfiguration' of type [org.springframework.transaction.annotation.ProxyTransactionManagementConfiguration$$EnhancerBySpringCGLIB$$be702839] is not eligible for getting processed by all BeanPostProcessors (for example: not eligible for auto-proxying)
2019-05-14 19:30:45.642  INFO 6876 --- [main] trationDelegate$BeanPostProcessorChecker : Bean 'mybatis-org.mybatis.spring.boot.autoconfigure.MybatisProperties' of type [org.mybatis.spring.boot.autoconfigure.MybatisProperties] is not eligible for getting processed by all BeanPostProcessors (for example: not eligible for auto-proxying)
2019-05-14 19:30:45.649  INFO 6876 --- [main] trationDelegate$BeanPostProcessorChecker : Bean 'org.mybatis.spring.boot.autoconfigure.MybatisAutoConfiguration' of type [org.mybatis.spring.boot.autoconfigure.MybatisAutoConfiguration$$EnhancerBySpringCGLIB$$f1447969] is not eligible for getting processed by all BeanPostProcessors (for example: not eligible for auto-proxying)
2019-05-14 19:30:45.652  INFO 6876 --- [main] trationDelegate$BeanPostProcessorChecker : Bean 'druidConfig' of type [com.ximen.springbootshiro.config.druidconfig.DruidConfig$$EnhancerBySpringCGLIB$$275b03e] is not eligible for getting processed by all BeanPostProcessors (for example: not eligible for auto-proxying)
2019-05-14 19:30:45.719 ERROR 6876 --- [main] com.alibaba.druid.filter.FilterManager   : load filter error, filter not found : lockback
2019-05-14 19:30:45.733  INFO 6876 --- [main] trationDelegate$BeanPostProcessorChecker : Bean 'druid' of type [com.alibaba.druid.pool.DruidDataSource] is not eligible for getting processed by all BeanPostProcessors (for example: not eligible for auto-proxying)
2019-05-14 19:30:45.927  INFO 6876 --- [main] trationDelegate$BeanPostProcessorChecker : Bean 'sqlSessionFactory' of type [org.apache.ibatis.session.defaults.DefaultSqlSessionFactory] is not eligible for getting processed by all BeanPostProcessors (for example: not eligible for auto-proxying)
2019-05-14 19:30:45.949  INFO 6876 --- [main] trationDelegate$BeanPostProcessorChecker : Bean 'sqlSessionTemplate' of type [org.mybatis.spring.SqlSessionTemplate] is not eligible for getting processed by all BeanPostProcessors (for example: not eligible for auto-proxying)
2019-05-14 19:30:45.951  INFO 6876 --- [main] trationDelegate$BeanPostProcessorChecker : Bean 'userMapper' of type [org.mybatis.spring.mapper.MapperFactoryBean] is not eligible for getting processed by all BeanPostProcessors (for example: not eligible for auto-proxying)
2019-05-14 19:30:45.952  INFO 6876 --- [main] trationDelegate$BeanPostProcessorChecker : Bean 'userMapper' of type [com.sun.proxy.$Proxy52] is not eligible for getting processed by all BeanPostProcessors (for example: not eligible for auto-proxying)
2019-05-14 19:30:45.955  INFO 6876 --- [main] trationDelegate$BeanPostProcessorChecker : Bean 'userServiceImpl' of type [com.ximen.springbootshiro.service.impl.UserServiceImpl] is not eligible for getting processed by all BeanPostProcessors (for example: not eligible for auto-proxying)
2019-05-14 19:30:45.955  INFO 6876 --- [main] trationDelegate$BeanPostProcessorChecker : Bean 'userRealm' of type [com.ximen.springbootshiro.config.shiroconfig.UserRealm] is not eligible for getting processed by all BeanPostProcessors (for example: not eligible for auto-proxying)
2019-05-14 19:30:46.333  INFO 6876 --- [main] trationDelegate$BeanPostProcessorChecker : Bean 'securityManager' of type [org.apache.shiro.web.mgt.DefaultWebSecurityManager] is not eligible for getting processed by all BeanPostProcessors (for example: not eligible for auto-proxying)
2019-05-14 19:30:46.731  INFO 6876 --- [main] o.s.b.w.embedded.tomcat.TomcatWebServer  : Tomcat initialized with port(s): 8080 (http)
2019-05-14 19:30:46.759  INFO 6876 --- [main] o.apache.catalina.core.StandardService   : Starting service [Tomcat]
2019-05-14 19:30:46.759  INFO 6876 --- [main] org.apache.catalina.core.StandardEngine  : Starting Servlet engine: [Apache Tomcat/9.0.17]
2019-05-14 19:30:46.860  INFO 6876 --- [main] o.a.c.c.C.[Tomcat].[localhost].[/]       : Initializing Spring embedded WebApplicationContext
2019-05-14 19:30:46.860  INFO 6876 --- [main] o.s.web.context.ContextLoader            : Root WebApplicationContext: initialization completed in 2600 ms
2019-05-14 19:30:47.156  INFO 6876 --- [main] o.s.s.concurrent.ThreadPoolTaskExecutor  : Initializing ExecutorService 'applicationTaskExecutor'
2019-05-14 19:30:47.307  INFO 6876 --- [main] o.s.b.a.w.s.WelcomePageHandlerMapping    : Adding welcome page template: index
2019-05-14 19:30:47.520  INFO 6876 --- [main] o.s.b.w.embedded.tomcat.TomcatWebServer  : Tomcat started on port(s): 8080 (http) with context path ''
2019-05-14 19:30:47.525  INFO 6876 --- [main] c.x.s.SpringbootShiroApplication         : Started SpringbootShiroApplication in 4.427 seconds (JVM running for 5.677)
2019-05-14 19:30:53.000  INFO 6876 --- [http-nio-8080-exec-1] o.a.c.c.C.[Tomcat].[localhost].[/]       : Initializing Spring DispatcherServlet 'dispatcherServlet'
2019-05-14 19:30:53.001  INFO 6876 --- [http-nio-8080-exec-1] o.s.web.servlet.DispatcherServlet        : Initializing Servlet 'dispatcherServlet'
2019-05-14 19:30:53.010  INFO 6876 --- [http-nio-8080-exec-1] o.s.web.servlet.DispatcherServlet        : Completed initialization in 9 ms
2019-05-14 19:31:01.066  INFO 6876 --- [http-nio-8080-exec-5] com.alibaba.druid.pool.DruidDataSource   : {dataSource-1} inited
2019-05-14 19:38:00.743  INFO 5308 --- [main] c.x.s.SpringbootShiroApplication         : Starting SpringbootShiroApplication on DamonCai-PC with PID 5308 (E:\MyGitHub\springboot-example-damoncai\github\springboot-example-damoncai\springboot-shiro\target\classes started by DamonCai in E:\MyGitHub\springboot-example-damoncai\github\springboot-example-damoncai\springboot-shiro)
2019-05-14 19:38:00.748  INFO 5308 --- [main] c.x.s.SpringbootShiroApplication         : No active profile set, falling back to default profiles: default
2019-05-14 19:38:02.012  INFO 5308 --- [main] trationDelegate$BeanPostProcessorChecker : Bean 'shiroConfig' of type [com.ximen.springbootshiro.config.shiroconfig.ShiroConfig$$EnhancerBySpringCGLIB$$2b30c8b6] is not eligible for getting processed by all BeanPostProcessors (for example: not eligible for auto-proxying)
2019-05-14 19:38:02.024  INFO 5308 --- [main] trationDelegate$BeanPostProcessorChecker : Bean 'org.springframework.transaction.annotation.ProxyTransactionManagementConfiguration' of type [org.springframework.transaction.annotation.ProxyTransactionManagementConfiguration$$EnhancerBySpringCGLIB$$bad16613] is not eligible for getting processed by all BeanPostProcessors (for example: not eligible for auto-proxying)
2019-05-14 19:38:02.104  INFO 5308 --- [main] trationDelegate$BeanPostProcessorChecker : Bean 'mybatis-org.mybatis.spring.boot.autoconfigure.MybatisProperties' of type [org.mybatis.spring.boot.autoconfigure.MybatisProperties] is not eligible for getting processed by all BeanPostProcessors (for example: not eligible for auto-proxying)
2019-05-14 19:38:02.111  INFO 5308 --- [main] trationDelegate$BeanPostProcessorChecker : Bean 'org.mybatis.spring.boot.autoconfigure.MybatisAutoConfiguration' of type [org.mybatis.spring.boot.autoconfigure.MybatisAutoConfiguration$$EnhancerBySpringCGLIB$$eda5b743] is not eligible for getting processed by all BeanPostProcessors (for example: not eligible for auto-proxying)
2019-05-14 19:38:02.114  INFO 5308 --- [main] trationDelegate$BeanPostProcessorChecker : Bean 'druidConfig' of type [com.ximen.springbootshiro.config.druidconfig.DruidConfig$$EnhancerBySpringCGLIB$$fed6ee18] is not eligible for getting processed by all BeanPostProcessors (for example: not eligible for auto-proxying)
2019-05-14 19:38:02.181 ERROR 5308 --- [main] com.alibaba.druid.filter.FilterManager   : load filter error, filter not found : lockback
2019-05-14 19:38:02.196  INFO 5308 --- [main] trationDelegate$BeanPostProcessorChecker : Bean 'druid' of type [com.alibaba.druid.pool.DruidDataSource] is not eligible for getting processed by all BeanPostProcessors (for example: not eligible for auto-proxying)
2019-05-14 19:38:02.400  INFO 5308 --- [main] trationDelegate$BeanPostProcessorChecker : Bean 'sqlSessionFactory' of type [org.apache.ibatis.session.defaults.DefaultSqlSessionFactory] is not eligible for getting processed by all BeanPostProcessors (for example: not eligible for auto-proxying)
2019-05-14 19:38:02.406  INFO 5308 --- [main] trationDelegate$BeanPostProcessorChecker : Bean 'sqlSessionTemplate' of type [org.mybatis.spring.SqlSessionTemplate] is not eligible for getting processed by all BeanPostProcessors (for example: not eligible for auto-proxying)
2019-05-14 19:38:02.407  INFO 5308 --- [main] trationDelegate$BeanPostProcessorChecker : Bean 'userMapper' of type [org.mybatis.spring.mapper.MapperFactoryBean] is not eligible for getting processed by all BeanPostProcessors (for example: not eligible for auto-proxying)
2019-05-14 19:38:02.422  INFO 5308 --- [main] trationDelegate$BeanPostProcessorChecker : Bean 'userMapper' of type [com.sun.proxy.$Proxy52] is not eligible for getting processed by all BeanPostProcessors (for example: not eligible for auto-proxying)
2019-05-14 19:38:02.426  INFO 5308 --- [main] trationDelegate$BeanPostProcessorChecker : Bean 'userServiceImpl' of type [com.ximen.springbootshiro.service.impl.UserServiceImpl] is not eligible for getting processed by all BeanPostProcessors (for example: not eligible for auto-proxying)
2019-05-14 19:38:02.427  INFO 5308 --- [main] trationDelegate$BeanPostProcessorChecker : Bean 'userRealm' of type [com.ximen.springbootshiro.config.shiroconfig.UserRealm] is not eligible for getting processed by all BeanPostProcessors (for example: not eligible for auto-proxying)
2019-05-14 19:38:02.828  INFO 5308 --- [main] trationDelegate$BeanPostProcessorChecker : Bean 'securityManager' of type [org.apache.shiro.web.mgt.DefaultWebSecurityManager] is not eligible for getting processed by all BeanPostProcessors (for example: not eligible for auto-proxying)
2019-05-14 19:38:03.232  INFO 5308 --- [main] o.s.b.w.embedded.tomcat.TomcatWebServer  : Tomcat initialized with port(s): 8080 (http)
2019-05-14 19:38:03.259  INFO 5308 --- [main] o.apache.catalina.core.StandardService   : Starting service [Tomcat]
2019-05-14 19:38:03.260  INFO 5308 --- [main] org.apache.catalina.core.StandardEngine  : Starting Servlet engine: [Apache Tomcat/9.0.17]
2019-05-14 19:38:03.362  INFO 5308 --- [main] o.a.c.c.C.[Tomcat].[localhost].[/]       : Initializing Spring embedded WebApplicationContext
2019-05-14 19:38:03.362  INFO 5308 --- [main] o.s.web.context.ContextLoader            : Root WebApplicationContext: initialization completed in 2552 ms
2019-05-14 19:38:03.644  INFO 5308 --- [main] o.s.s.concurrent.ThreadPoolTaskExecutor  : Initializing ExecutorService 'applicationTaskExecutor'
2019-05-14 19:38:03.801  INFO 5308 --- [main] o.s.b.a.w.s.WelcomePageHandlerMapping    : Adding welcome page template: index
2019-05-14 19:38:04.001  INFO 5308 --- [main] o.s.b.w.embedded.tomcat.TomcatWebServer  : Tomcat started on port(s): 8080 (http) with context path ''
2019-05-14 19:38:04.006  INFO 5308 --- [main] c.x.s.SpringbootShiroApplication         : Started SpringbootShiroApplication in 4.227 seconds (JVM running for 5.577)
2019-05-14 19:38:15.059  INFO 5308 --- [http-nio-8080-exec-2] o.a.c.c.C.[Tomcat].[localhost].[/]       : Initializing Spring DispatcherServlet 'dispatcherServlet'
2019-05-14 19:38:15.060  INFO 5308 --- [http-nio-8080-exec-2] o.s.web.servlet.DispatcherServlet        : Initializing Servlet 'dispatcherServlet'
2019-05-14 19:38:15.067  INFO 5308 --- [http-nio-8080-exec-2] o.s.web.servlet.DispatcherServlet        : Completed initialization in 7 ms
2019-05-14 19:38:18.726  INFO 5308 --- [http-nio-8080-exec-3] com.alibaba.druid.pool.DruidDataSource   : {dataSource-1} inited
2019-05-14 19:51:44.187  INFO 6208 --- [main] c.x.s.SpringbootShiroApplication         : Starting SpringbootShiroApplication on DamonCai-PC with PID 6208 (E:\MyGitHub\springboot-example-damoncai\github\springboot-example-damoncai\springboot-shiro\target\classes started by DamonCai in E:\MyGitHub\springboot-example-damoncai\github\springboot-example-damoncai\springboot-shiro)
2019-05-14 19:51:44.193  INFO 6208 --- [main] c.x.s.SpringbootShiroApplication         : No active profile set, falling back to default profiles: default
2019-05-14 19:51:45.448  INFO 6208 --- [main] trationDelegate$BeanPostProcessorChecker : Bean 'shiroConfig' of type [com.ximen.springbootshiro.config.shiroconfig.ShiroConfig$$EnhancerBySpringCGLIB$$dfac67e4] is not eligible for getting processed by all BeanPostProcessors (for example: not eligible for auto-proxying)
2019-05-14 19:51:45.459  INFO 6208 --- [main] trationDelegate$BeanPostProcessorChecker : Bean 'org.springframework.transaction.annotation.ProxyTransactionManagementConfiguration' of type [org.springframework.transaction.annotation.ProxyTransactionManagementConfiguration$$EnhancerBySpringCGLIB$$6f4d0541] is not eligible for getting processed by all BeanPostProcessors (for example: not eligible for auto-proxying)
2019-05-14 19:51:45.542  INFO 6208 --- [main] trationDelegate$BeanPostProcessorChecker : Bean 'mybatis-org.mybatis.spring.boot.autoconfigure.MybatisProperties' of type [org.mybatis.spring.boot.autoconfigure.MybatisProperties] is not eligible for getting processed by all BeanPostProcessors (for example: not eligible for auto-proxying)
2019-05-14 19:51:45.551  INFO 6208 --- [main] trationDelegate$BeanPostProcessorChecker : Bean 'org.mybatis.spring.boot.autoconfigure.MybatisAutoConfiguration' of type [org.mybatis.spring.boot.autoconfigure.MybatisAutoConfiguration$$EnhancerBySpringCGLIB$$a2215671] is not eligible for getting processed by all BeanPostProcessors (for example: not eligible for auto-proxying)
2019-05-14 19:51:45.554  INFO 6208 --- [main] trationDelegate$BeanPostProcessorChecker : Bean 'druidConfig' of type [com.ximen.springbootshiro.config.druidconfig.DruidConfig$$EnhancerBySpringCGLIB$$b3528d46] is not eligible for getting processed by all BeanPostProcessors (for example: not eligible for auto-proxying)
2019-05-14 19:51:45.624 ERROR 6208 --- [main] com.alibaba.druid.filter.FilterManager   : load filter error, filter not found : lockback
2019-05-14 19:51:45.643  INFO 6208 --- [main] trationDelegate$BeanPostProcessorChecker : Bean 'druid' of type [com.alibaba.druid.pool.DruidDataSource] is not eligible for getting processed by all BeanPostProcessors (for example: not eligible for auto-proxying)
2019-05-14 19:51:46.017  INFO 6208 --- [main] trationDelegate$BeanPostProcessorChecker : Bean 'sqlSessionFactory' of type [org.apache.ibatis.session.defaults.DefaultSqlSessionFactory] is not eligible for getting processed by all BeanPostProcessors (for example: not eligible for auto-proxying)
2019-05-14 19:51:46.027  INFO 6208 --- [main] trationDelegate$BeanPostProcessorChecker : Bean 'sqlSessionTemplate' of type [org.mybatis.spring.SqlSessionTemplate] is not eligible for getting processed by all BeanPostProcessors (for example: not eligible for auto-proxying)
2019-05-14 19:51:46.029  INFO 6208 --- [main] trationDelegate$BeanPostProcessorChecker : Bean 'userMapper' of type [org.mybatis.spring.mapper.MapperFactoryBean] is not eligible for getting processed by all BeanPostProcessors (for example: not eligible for auto-proxying)
2019-05-14 19:51:46.034  INFO 6208 --- [main] trationDelegate$BeanPostProcessorChecker : Bean 'userMapper' of type [com.sun.proxy.$Proxy52] is not eligible for getting processed by all BeanPostProcessors (for example: not eligible for auto-proxying)
2019-05-14 19:51:46.039  INFO 6208 --- [main] trationDelegate$BeanPostProcessorChecker : Bean 'userServiceImpl' of type [com.ximen.springbootshiro.service.impl.UserServiceImpl] is not eligible for getting processed by all BeanPostProcessors (for example: not eligible for auto-proxying)
2019-05-14 19:51:46.040  INFO 6208 --- [main] trationDelegate$BeanPostProcessorChecker : Bean 'userRealm' of type [com.ximen.springbootshiro.config.shiroconfig.UserRealm] is not eligible for getting processed by all BeanPostProcessors (for example: not eligible for auto-proxying)
2019-05-14 19:51:46.529  INFO 6208 --- [main] trationDelegate$BeanPostProcessorChecker : Bean 'securityManager' of type [org.apache.shiro.web.mgt.DefaultWebSecurityManager] is not eligible for getting processed by all BeanPostProcessors (for example: not eligible for auto-proxying)
2019-05-14 19:51:47.039  INFO 6208 --- [main] o.s.b.w.embedded.tomcat.TomcatWebServer  : Tomcat initialized with port(s): 8080 (http)
2019-05-14 19:51:47.073  INFO 6208 --- [main] o.apache.catalina.core.StandardService   : Starting service [Tomcat]
2019-05-14 19:51:47.073  INFO 6208 --- [main] org.apache.catalina.core.StandardEngine  : Starting Servlet engine: [Apache Tomcat/9.0.17]
2019-05-14 19:51:47.196  INFO 6208 --- [main] o.a.c.c.C.[Tomcat].[localhost].[/]       : Initializing Spring embedded WebApplicationContext
2019-05-14 19:51:47.197  INFO 6208 --- [main] o.s.web.context.ContextLoader            : Root WebApplicationContext: initialization completed in 2924 ms
2019-05-14 19:51:47.556  INFO 6208 --- [main] o.s.s.concurrent.ThreadPoolTaskExecutor  : Initializing ExecutorService 'applicationTaskExecutor'
2019-05-14 19:51:47.722  INFO 6208 --- [main] o.s.b.a.w.s.WelcomePageHandlerMapping    : Adding welcome page template: index
2019-05-14 19:51:47.987  INFO 6208 --- [main] o.s.b.w.embedded.tomcat.TomcatWebServer  : Tomcat started on port(s): 8080 (http) with context path ''
2019-05-14 19:51:47.992  INFO 6208 --- [main] c.x.s.SpringbootShiroApplication         : Started SpringbootShiroApplication in 4.799 seconds (JVM running for 6.258)
2019-05-14 19:51:50.930  INFO 6208 --- [http-nio-8080-exec-1] o.a.c.c.C.[Tomcat].[localhost].[/]       : Initializing Spring DispatcherServlet 'dispatcherServlet'
2019-05-14 19:51:50.930  INFO 6208 --- [http-nio-8080-exec-1] o.s.web.servlet.DispatcherServlet        : Initializing Servlet 'dispatcherServlet'
2019-05-14 19:51:50.939  INFO 6208 --- [http-nio-8080-exec-1] o.s.web.servlet.DispatcherServlet        : Completed initialization in 9 ms
2019-05-14 19:51:54.995  INFO 6208 --- [http-nio-8080-exec-3] com.alibaba.druid.pool.DruidDataSource   : {dataSource-1} inited
2019-05-14 19:52:54.054  INFO 8228 --- [main] c.x.s.SpringbootShiroApplication         : Starting SpringbootShiroApplication on DamonCai-PC with PID 8228 (E:\MyGitHub\springboot-example-damoncai\github\springboot-example-damoncai\springboot-shiro\target\classes started by DamonCai in E:\MyGitHub\springboot-example-damoncai\github\springboot-example-damoncai\springboot-shiro)
2019-05-14 19:52:54.059  INFO 8228 --- [main] c.x.s.SpringbootShiroApplication         : No active profile set, falling back to default profiles: default
2019-05-14 19:52:55.653  INFO 8228 --- [main] trationDelegate$BeanPostProcessorChecker : Bean 'shiroConfig' of type [com.ximen.springbootshiro.config.shiroconfig.ShiroConfig$$EnhancerBySpringCGLIB$$33c1402f] is not eligible for getting processed by all BeanPostProcessors (for example: not eligible for auto-proxying)
2019-05-14 19:52:55.665  INFO 8228 --- [main] trationDelegate$BeanPostProcessorChecker : Bean 'org.springframework.transaction.annotation.ProxyTransactionManagementConfiguration' of type [org.springframework.transaction.annotation.ProxyTransactionManagementConfiguration$$EnhancerBySpringCGLIB$$c361dd8c] is not eligible for getting processed by all BeanPostProcessors (for example: not eligible for auto-proxying)
2019-05-14 19:52:55.748  INFO 8228 --- [main] trationDelegate$BeanPostProcessorChecker : Bean 'mybatis-org.mybatis.spring.boot.autoconfigure.MybatisProperties' of type [org.mybatis.spring.boot.autoconfigure.MybatisProperties] is not eligible for getting processed by all BeanPostProcessors (for example: not eligible for auto-proxying)
2019-05-14 19:52:55.757  INFO 8228 --- [main] trationDelegate$BeanPostProcessorChecker : Bean 'org.mybatis.spring.boot.autoconfigure.MybatisAutoConfiguration' of type [org.mybatis.spring.boot.autoconfigure.MybatisAutoConfiguration$$EnhancerBySpringCGLIB$$f6362ebc] is not eligible for getting processed by all BeanPostProcessors (for example: not eligible for auto-proxying)
2019-05-14 19:52:55.760  INFO 8228 --- [main] trationDelegate$BeanPostProcessorChecker : Bean 'druidConfig' of type [com.ximen.springbootshiro.config.druidconfig.DruidConfig$$EnhancerBySpringCGLIB$$7676591] is not eligible for getting processed by all BeanPostProcessors (for example: not eligible for auto-proxying)
2019-05-14 19:52:55.826 ERROR 8228 --- [main] com.alibaba.druid.filter.FilterManager   : load filter error, filter not found : lockback
2019-05-14 19:52:55.844  INFO 8228 --- [main] trationDelegate$BeanPostProcessorChecker : Bean 'druid' of type [com.alibaba.druid.pool.DruidDataSource] is not eligible for getting processed by all BeanPostProcessors (for example: not eligible for auto-proxying)
2019-05-14 19:52:56.056  INFO 8228 --- [main] trationDelegate$BeanPostProcessorChecker : Bean 'sqlSessionFactory' of type [org.apache.ibatis.session.defaults.DefaultSqlSessionFactory] is not eligible for getting processed by all BeanPostProcessors (for example: not eligible for auto-proxying)
2019-05-14 19:52:56.061  INFO 8228 --- [main] trationDelegate$BeanPostProcessorChecker : Bean 'sqlSessionTemplate' of type [org.mybatis.spring.SqlSessionTemplate] is not eligible for getting processed by all BeanPostProcessors (for example: not eligible for auto-proxying)
2019-05-14 19:52:56.063  INFO 8228 --- [main] trationDelegate$BeanPostProcessorChecker : Bean 'userMapper' of type [org.mybatis.spring.mapper.MapperFactoryBean] is not eligible for getting processed by all BeanPostProcessors (for example: not eligible for auto-proxying)
2019-05-14 19:52:56.065  INFO 8228 --- [main] trationDelegate$BeanPostProcessorChecker : Bean 'userMapper' of type [com.sun.proxy.$Proxy52] is not eligible for getting processed by all BeanPostProcessors (for example: not eligible for auto-proxying)
2019-05-14 19:52:56.067  INFO 8228 --- [main] trationDelegate$BeanPostProcessorChecker : Bean 'userServiceImpl' of type [com.ximen.springbootshiro.service.impl.UserServiceImpl] is not eligible for getting processed by all BeanPostProcessors (for example: not eligible for auto-proxying)
2019-05-14 19:52:56.068  INFO 8228 --- [main] trationDelegate$BeanPostProcessorChecker : Bean 'userRealm' of type [com.ximen.springbootshiro.config.shiroconfig.UserRealm] is not eligible for getting processed by all BeanPostProcessors (for example: not eligible for auto-proxying)
2019-05-14 19:52:56.428  INFO 8228 --- [main] trationDelegate$BeanPostProcessorChecker : Bean 'securityManager' of type [org.apache.shiro.web.mgt.DefaultWebSecurityManager] is not eligible for getting processed by all BeanPostProcessors (for example: not eligible for auto-proxying)
2019-05-14 19:52:56.826  INFO 8228 --- [main] o.s.b.w.embedded.tomcat.TomcatWebServer  : Tomcat initialized with port(s): 8080 (http)
2019-05-14 19:52:56.854  INFO 8228 --- [main] o.apache.catalina.core.StandardService   : Starting service [Tomcat]
2019-05-14 19:52:56.854  INFO 8228 --- [main] org.apache.catalina.core.StandardEngine  : Starting Servlet engine: [Apache Tomcat/9.0.17]
2019-05-14 19:52:56.955  INFO 8228 --- [main] o.a.c.c.C.[Tomcat].[localhost].[/]       : Initializing Spring embedded WebApplicationContext
2019-05-14 19:52:56.955  INFO 8228 --- [main] o.s.web.context.ContextLoader            : Root WebApplicationContext: initialization completed in 2731 ms
2019-05-14 19:52:57.252  INFO 8228 --- [main] o.s.s.concurrent.ThreadPoolTaskExecutor  : Initializing ExecutorService 'applicationTaskExecutor'
2019-05-14 19:52:57.403  INFO 8228 --- [main] o.s.b.a.w.s.WelcomePageHandlerMapping    : Adding welcome page template: index
2019-05-14 19:52:57.610  INFO 8228 --- [main] o.s.b.w.embedded.tomcat.TomcatWebServer  : Tomcat started on port(s): 8080 (http) with context path ''
2019-05-14 19:52:57.615  INFO 8228 --- [main] c.x.s.SpringbootShiroApplication         : Started SpringbootShiroApplication in 4.321 seconds (JVM running for 5.476)
2019-05-14 19:53:05.408  INFO 8228 --- [http-nio-8080-exec-1] o.a.c.c.C.[Tomcat].[localhost].[/]       : Initializing Spring DispatcherServlet 'dispatcherServlet'
2019-05-14 19:53:05.409  INFO 8228 --- [http-nio-8080-exec-1] o.s.web.servlet.DispatcherServlet        : Initializing Servlet 'dispatcherServlet'
2019-05-14 19:53:05.421  INFO 8228 --- [http-nio-8080-exec-1] o.s.web.servlet.DispatcherServlet        : Completed initialization in 11 ms
2019-05-14 19:53:05.710  INFO 8228 --- [http-nio-8080-exec-1] com.alibaba.druid.pool.DruidDataSource   : {dataSource-1} inited
