[2020-05-09T14:20:40.005+08:00] [INFO] [main-1] [com.ximen.Application] [] [] [] [StartupInfoLogger.java,50,org.springframework.boot.StartupInfoLogger,logStarting] [Starting Application on Max-DELL with PID 25352 (started by Administrator in D:\西门小狼狗\5.MyGitHub\springboot-example-damoncai)] ## ''
[2020-05-09T14:20:40.016+08:00] [INFO] [main-1] [com.ximen.Application] [] [] [] [SpringApplication.java,675,org.springframework.boot.SpringApplication,logStartupProfileInfo] [No active profile set, falling back to default profiles: default] ## ''
[2020-05-09T14:20:41.088+08:00] [INFO] [main-1] [org.springframework.boot.web.embedded.tomcat.TomcatWebServer] [] [] [] [TomcatWebServer.java,90,org.springframework.boot.web.embedded.tomcat.TomcatWebServer,initialize] [Tomcat initialized with port(s): 8001 (http)] ## ''
[2020-05-09T14:20:41.111+08:00] [INFO] [main-1] [org.apache.coyote.http11.Http11NioProtocol] [] [] [] [DirectJDKLog.java,173,org.apache.juli.logging.DirectJDKLog,log] [Initializing ProtocolHandler ["http-nio-8001"]] ## ''
[2020-05-09T14:20:41.120+08:00] [INFO] [main-1] [org.apache.catalina.core.StandardService] [] [] [] [DirectJDKLog.java,173,org.apache.juli.logging.DirectJDKLog,log] [Starting service [Tomcat]] ## ''
[2020-05-09T14:20:41.122+08:00] [INFO] [main-1] [org.apache.catalina.core.StandardEngine] [] [] [] [DirectJDKLog.java,173,org.apache.juli.logging.DirectJDKLog,log] [Starting Servlet engine: [Apache Tomcat/9.0.19]] ## ''
[2020-05-09T14:20:41.219+08:00] [INFO] [main-1] [org.apache.catalina.core.ContainerBase.[Tomcat].[localhost].[/]] [] [] [] [DirectJDKLog.java,173,org.apache.juli.logging.DirectJDKLog,log] [Initializing Spring embedded WebApplicationContext] ## ''
[2020-05-09T14:20:41.219+08:00] [INFO] [main-1] [org.springframework.web.context.ContextLoader] [] [] [] [ServletWebServerApplicationContext.java,296,org.springframework.boot.web.servlet.context.ServletWebServerApplicationContext,prepareWebApplicationContext] [Root WebApplicationContext: initialization completed in 981 ms] ## ''
[2020-05-09T14:20:41.444+08:00] [INFO] [main-1] [org.springframework.scheduling.concurrent.ThreadPoolTaskExecutor] [] [] [] [ExecutorConfigurationSupport.java,171,org.springframework.scheduling.concurrent.ExecutorConfigurationSupport,initialize] [Initializing ExecutorService 'applicationTaskExecutor'] ## ''
[2020-05-09T14:20:41.616+08:00] [INFO] [main-1] [org.apache.coyote.http11.Http11NioProtocol] [] [] [] [DirectJDKLog.java,173,org.apache.juli.logging.DirectJDKLog,log] [Starting ProtocolHandler ["http-nio-8001"]] ## ''
[2020-05-09T14:20:41.641+08:00] [INFO] [main-1] [org.springframework.boot.web.embedded.tomcat.TomcatWebServer] [] [] [] [TomcatWebServer.java,204,org.springframework.boot.web.embedded.tomcat.TomcatWebServer,start] [Tomcat started on port(s): 8001 (http) with context path ''] ## ''
[2020-05-09T14:20:41.645+08:00] [INFO] [main-1] [com.ximen.Application] [] [] [] [StartupInfoLogger.java,59,org.springframework.boot.StartupInfoLogger,logStarted] [Started Application in 2.202 seconds (JVM running for 3.832)] ## ''
[2020-05-09T14:21:10.061+08:00] [INFO] [Thread-7-45] [org.springframework.scheduling.concurrent.ThreadPoolTaskExecutor] [] [] [] [ExecutorConfigurationSupport.java,208,org.springframework.scheduling.concurrent.ExecutorConfigurationSupport,shutdown] [Shutting down ExecutorService 'applicationTaskExecutor'] ## ''
[2020-05-09T14:21:21.293+08:00] [INFO] [main-1] [com.ximen.Application] [] [] [] [StartupInfoLogger.java,50,org.springframework.boot.StartupInfoLogger,logStarting] [Starting Application on Max-DELL with PID 14200 (started by Administrator in D:\西门小狼狗\5.MyGitHub\springboot-example-damoncai)] ## ''
[2020-05-09T14:21:21.302+08:00] [INFO] [main-1] [com.ximen.Application] [] [] [] [SpringApplication.java,675,org.springframework.boot.SpringApplication,logStartupProfileInfo] [No active profile set, falling back to default profiles: default] ## ''
[2020-05-09T14:21:22.358+08:00] [INFO] [main-1] [org.springframework.boot.web.embedded.tomcat.TomcatWebServer] [] [] [] [TomcatWebServer.java,90,org.springframework.boot.web.embedded.tomcat.TomcatWebServer,initialize] [Tomcat initialized with port(s): 8001 (http)] ## ''
[2020-05-09T14:21:22.379+08:00] [INFO] [main-1] [org.apache.coyote.http11.Http11NioProtocol] [] [] [] [DirectJDKLog.java,173,org.apache.juli.logging.DirectJDKLog,log] [Initializing ProtocolHandler ["http-nio-8001"]] ## ''
[2020-05-09T14:21:22.390+08:00] [INFO] [main-1] [org.apache.catalina.core.StandardService] [] [] [] [DirectJDKLog.java,173,org.apache.juli.logging.DirectJDKLog,log] [Starting service [Tomcat]] ## ''
[2020-05-09T14:21:22.392+08:00] [INFO] [main-1] [org.apache.catalina.core.StandardEngine] [] [] [] [DirectJDKLog.java,173,org.apache.juli.logging.DirectJDKLog,log] [Starting Servlet engine: [Apache Tomcat/9.0.19]] ## ''
[2020-05-09T14:21:22.501+08:00] [INFO] [main-1] [org.apache.catalina.core.ContainerBase.[Tomcat].[localhost].[/]] [] [] [] [DirectJDKLog.java,173,org.apache.juli.logging.DirectJDKLog,log] [Initializing Spring embedded WebApplicationContext] ## ''
[2020-05-09T14:21:22.501+08:00] [INFO] [main-1] [org.springframework.web.context.ContextLoader] [] [] [] [ServletWebServerApplicationContext.java,296,org.springframework.boot.web.servlet.context.ServletWebServerApplicationContext,prepareWebApplicationContext] [Root WebApplicationContext: initialization completed in 995 ms] ## ''
[2020-05-09T14:21:22.732+08:00] [INFO] [main-1] [org.springframework.scheduling.concurrent.ThreadPoolTaskExecutor] [] [] [] [ExecutorConfigurationSupport.java,171,org.springframework.scheduling.concurrent.ExecutorConfigurationSupport,initialize] [Initializing ExecutorService 'applicationTaskExecutor'] ## ''
[2020-05-09T14:21:22.878+08:00] [INFO] [main-1] [org.apache.coyote.http11.Http11NioProtocol] [] [] [] [DirectJDKLog.java,173,org.apache.juli.logging.DirectJDKLog,log] [Starting ProtocolHandler ["http-nio-8001"]] ## ''
[2020-05-09T14:21:22.903+08:00] [INFO] [main-1] [org.springframework.boot.web.embedded.tomcat.TomcatWebServer] [] [] [] [TomcatWebServer.java,204,org.springframework.boot.web.embedded.tomcat.TomcatWebServer,start] [Tomcat started on port(s): 8001 (http) with context path ''] ## ''
[2020-05-09T14:21:22.907+08:00] [INFO] [main-1] [com.ximen.Application] [] [] [] [StartupInfoLogger.java,59,org.springframework.boot.StartupInfoLogger,logStarted] [Started Application in 2.09 seconds (JVM running for 3.659)] ## ''
[2020-05-09T14:21:40.606+08:00] [INFO] [http-nio-8001-exec-1-33] [org.apache.catalina.core.ContainerBase.[Tomcat].[localhost].[/]] [] [] [] [DirectJDKLog.java,173,org.apache.juli.logging.DirectJDKLog,log] [Initializing Spring DispatcherServlet 'dispatcherServlet'] ## ''
[2020-05-09T14:21:40.606+08:00] [INFO] [http-nio-8001-exec-1-33] [org.springframework.web.servlet.DispatcherServlet] [] [] [] [FrameworkServlet.java,524,org.springframework.web.servlet.FrameworkServlet,initServletBean] [Initializing Servlet 'dispatcherServlet'] ## ''
[2020-05-09T14:21:40.612+08:00] [INFO] [http-nio-8001-exec-1-33] [org.springframework.web.servlet.DispatcherServlet] [] [] [] [FrameworkServlet.java,546,org.springframework.web.servlet.FrameworkServlet,initServletBean] [Completed initialization in 5 ms] ## ''
[2020-05-09T14:21:40.901+08:00] [INFO] [http-nio-8001-exec-1-33] [com.ximen.controller.MainController] [Max-DELL] [192.168.1.1] [collector] [MainController.java,22,com.ximen.controller.MainController,test] [this is info] ## ''
[2020-05-09T14:21:40.902+08:00] [WARN] [http-nio-8001-exec-1-33] [com.ximen.controller.MainController] [Max-DELL] [192.168.1.1] [collector] [MainController.java,23,com.ximen.controller.MainController,test] [this is warn] ## ''
[2020-05-09T14:21:40.902+08:00] [ERROR] [http-nio-8001-exec-1-33] [com.ximen.controller.MainController] [Max-DELL] [192.168.1.1] [collector] [MainController.java,24,com.ximen.controller.MainController,test] [this is error] ## ''
[2020-05-09T17:00:32.978+08:00] [INFO] [Thread-8-46] [org.springframework.scheduling.concurrent.ThreadPoolTaskExecutor] [] [] [] [ExecutorConfigurationSupport.java,208,org.springframework.scheduling.concurrent.ExecutorConfigurationSupport,shutdown] [Shutting down ExecutorService 'applicationTaskExecutor'] ## ''
